2019-02-04 14:25:43,245 basic_operations.py:20  INFO Defining basic operations for the customer database.
2019-02-04 14:25:43,401 basic_operations.py:54  INFO Successfully added Customer 1: Fred Flintstone to the database.
2019-02-04 14:25:43,526 basic_operations.py:54  INFO Successfully added Customer 2: Barney Rubble to the database.
2019-02-04 14:25:43,620 basic_operations.py:54  INFO Successfully added Customer 3: Wilma Flintstone to the database.
2019-02-04 14:25:43,745 basic_operations.py:54  INFO Successfully added Customer 4: Betty Rubble to the database.
2019-02-04 14:25:44,354 basic_operations.py:54  INFO Successfully added Customer 1: Fred Flintstone to the database.
2019-02-04 14:25:44,479 basic_operations.py:54  INFO Successfully added Customer 2: Barney Rubble to the database.
2019-02-04 14:25:44,760 basic_operations.py:54  INFO Successfully added Customer 3: Wilma Flintstone to the database.
2019-02-04 14:25:45,073 basic_operations.py:57  ERROR Error adding Fred Flintstone. Customer id 1 already exists in the database.
2019-02-04 14:25:45,323 basic_operations.py:54  INFO Successfully added Customer 1: Fred Flintstone to the database.
2019-02-04 14:25:45,448 basic_operations.py:54  INFO Successfully added Customer 2: Barney Rubble to the database.
2019-02-04 14:25:45,604 basic_operations.py:54  INFO Successfully added Customer 3: Wilma Flintstone to the database.
2019-02-04 14:25:45,729 basic_operations.py:73  INFO Found customer 3: Wilma Flintstone.
2019-02-04 14:25:46,089 basic_operations.py:54  INFO Successfully added Customer 1: Fred Flintstone to the database.
2019-02-04 14:25:46,214 basic_operations.py:54  INFO Successfully added Customer 2: Barney Rubble to the database.
2019-02-04 14:25:46,339 basic_operations.py:54  INFO Successfully added Customer 3: Wilma Flintstone to the database.
2019-02-04 14:25:46,433 basic_operations.py:78  ERROR Search Error: Customer id 8 is not in the database.
2019-02-04 14:25:46,761 basic_operations.py:54  INFO Successfully added Customer 1: Fred Flintstone to the database.
2019-02-04 14:25:46,917 basic_operations.py:54  INFO Successfully added Customer 2: Barney Rubble to the database.
2019-02-04 14:25:47,026 basic_operations.py:54  INFO Successfully added Customer 3: Wilma Flintstone to the database.
2019-02-04 14:25:47,151 basic_operations.py:88  INFO Deleting customer 2: Barney Rubble.
2019-02-04 14:25:47,573 basic_operations.py:54  INFO Successfully added Customer 1: Fred Flintstone to the database.
2019-02-04 14:25:47,729 basic_operations.py:54  INFO Successfully added Customer 2: Barney Rubble to the database.
2019-02-04 14:25:47,824 basic_operations.py:54  INFO Successfully added Customer 3: Wilma Flintstone to the database.
2019-02-04 14:25:48,121 basic_operations.py:91  ERROR Delete Error: Customer id 9 is not in the database.
2019-02-04 14:25:48,559 basic_operations.py:54  INFO Successfully added Customer 1: Fred Flintstone to the database.
2019-02-04 14:25:48,684 basic_operations.py:54  INFO Successfully added Customer 2: Barney Rubble to the database.
2019-02-04 14:25:48,793 basic_operations.py:54  INFO Successfully added Customer 3: Wilma Flintstone to the database.
2019-02-04 14:25:49,090 basic_operations.py:104 INFO Customer 1: Fred Flintstone now has a credit limit of 5000.
2019-02-04 14:25:49,387 basic_operations.py:54  INFO Successfully added Customer 1: Fred Flintstone to the database.
2019-02-04 14:25:49,512 basic_operations.py:54  INFO Successfully added Customer 2: Barney Rubble to the database.
2019-02-04 14:25:49,637 basic_operations.py:54  INFO Successfully added Customer 3: Wilma Flintstone to the database.
2019-02-04 14:25:49,730 basic_operations.py:107 ERROR Update Credit Error: Customer id 44 is not in the database.
2019-02-04 14:25:50,153 basic_operations.py:54  INFO Successfully added Customer 1: Fred Flintstone to the database.
2019-02-04 14:25:50,356 basic_operations.py:54  INFO Successfully added Customer 2: Barney Rubble to the database.
2019-02-04 14:25:50,559 basic_operations.py:54  INFO Successfully added Customer 3: Wilma Flintstone to the database.
2019-02-04 14:25:50,653 basic_operations.py:117 INFO There are 2 active customers in the database.
2019-02-04 14:25:50,887 basic_operations.py:54  INFO Successfully added Customer 1: Fred Flintstone to the database.
2019-02-04 14:25:50,997 basic_operations.py:54  INFO Successfully added Customer 2: Barney Rubble to the database.
2019-02-04 14:25:51,137 basic_operations.py:54  INFO Successfully added Customer 3: Wilma Flintstone to the database.
2019-02-04 14:25:51,294 basic_operations.py:88  INFO Deleting customer 3: Wilma Flintstone.
2019-02-04 14:25:51,622 basic_operations.py:104 INFO Customer 2: Barney Rubble now has a credit limit of 300.0.
2019-02-04 14:25:51,622 basic_operations.py:73  INFO Found customer 1: Fred Flintstone.
2019-02-04 14:25:51,622 basic_operations.py:117 INFO There are 1 active customers in the database.
2019-02-04 14:25:51,966 basic_operations.py:54  INFO Successfully added Customer C000000: Rickey Shanahan to the database.
2019-02-04 14:25:52,091 basic_operations.py:54  INFO Successfully added Customer C000001: Shea Boehm to the database.
2019-02-04 14:25:52,232 basic_operations.py:54  INFO Successfully added Customer C000002: Blanca Bashirian to the database.
2019-02-04 14:25:52,357 basic_operations.py:54  INFO Successfully added Customer C000003: Elfrieda Skiles to the database.
2019-02-04 14:25:52,513 basic_operations.py:54  INFO Successfully added Customer C000004: Mittie Turner to the database.
2019-02-04 14:25:52,638 basic_operations.py:54  INFO Successfully added Customer 1: Fred Flintstone to the database.
2019-02-04 14:25:52,732 basic_operations.py:57  ERROR Error adding Fred Flintstone. Customer id 1 already exists in the database.
2019-02-04 14:25:53,169 basic_operations.py:54  INFO Successfully added Customer C000000: Rickey Shanahan to the database.
2019-02-04 14:25:53,591 basic_operations.py:54  INFO Successfully added Customer C000001: Shea Boehm to the database.
2019-02-04 14:25:53,795 basic_operations.py:54  INFO Successfully added Customer C000002: Blanca Bashirian to the database.
2019-02-04 14:25:54,233 basic_operations.py:54  INFO Successfully added Customer C000003: Elfrieda Skiles to the database.
2019-02-04 14:25:54,451 basic_operations.py:54  INFO Successfully added Customer C000004: Mittie Turner to the database.
2019-02-04 14:25:54,608 basic_operations.py:73  INFO Found customer C000001: Shea Boehm.
2019-02-04 14:25:54,623 basic_operations.py:78  ERROR Search Error: Customer id 100 is not in the database.
2019-02-04 14:25:54,967 basic_operations.py:54  INFO Successfully added Customer C000000: Rickey Shanahan to the database.
2019-02-04 14:25:55,076 basic_operations.py:54  INFO Successfully added Customer C000001: Shea Boehm to the database.
2019-02-04 14:25:55,186 basic_operations.py:54  INFO Successfully added Customer C000002: Blanca Bashirian to the database.
2019-02-04 14:25:55,342 basic_operations.py:54  INFO Successfully added Customer C000003: Elfrieda Skiles to the database.
2019-02-04 14:25:55,545 basic_operations.py:54  INFO Successfully added Customer C000004: Mittie Turner to the database.
2019-02-04 14:25:55,748 basic_operations.py:88  INFO Deleting customer C000002: Blanca Bashirian.
2019-02-04 14:25:55,998 basic_operations.py:91  ERROR Delete Error: Customer id C000002 is not in the database.
2019-02-04 14:25:56,201 basic_operations.py:54  INFO Successfully added Customer C000000: Rickey Shanahan to the database.
2019-02-04 14:25:56,311 basic_operations.py:54  INFO Successfully added Customer C000001: Shea Boehm to the database.
2019-02-04 14:25:56,473 basic_operations.py:54  INFO Successfully added Customer C000002: Blanca Bashirian to the database.
2019-02-04 14:25:56,617 basic_operations.py:54  INFO Successfully added Customer C000003: Elfrieda Skiles to the database.
2019-02-04 14:25:56,711 basic_operations.py:54  INFO Successfully added Customer C000004: Mittie Turner to the database.
2019-02-04 14:25:56,976 basic_operations.py:104 INFO Customer C000003: Elfrieda Skiles now has a credit limit of 100.
2019-02-04 14:25:56,976 basic_operations.py:107 ERROR Update Credit Error: Customer id 200 is not in the database.
2019-02-04 14:25:57,414 basic_operations.py:54  INFO Successfully added Customer C000000: Rickey Shanahan to the database.
2019-02-04 14:25:57,679 basic_operations.py:54  INFO Successfully added Customer C000001: Shea Boehm to the database.
2019-02-04 14:25:57,820 basic_operations.py:54  INFO Successfully added Customer C000002: Blanca Bashirian to the database.
2019-02-04 14:25:57,945 basic_operations.py:54  INFO Successfully added Customer C000003: Elfrieda Skiles to the database.
2019-02-04 14:25:58,086 basic_operations.py:54  INFO Successfully added Customer C000004: Mittie Turner to the database.
2019-02-04 14:25:58,539 basic_operations.py:117 INFO There are 4 active customers in the database.
