2019-02-11 20:23:22,976 database.py:86  ERROR     ((10, 10, 9), (0, 0, 0))
2019-02-11 20:48:40,757 database.py:89  ERROR     ((20, 20, 18), (0, 0, 0))
2019-02-11 20:49:23,478 database.py:89  ERROR     ((30, 30, 27), (0, 0, 0))
2019-02-11 20:50:24,338 database.py:89  ERROR     ((40, 40, 36), (0, 0, 0))
2019-02-11 20:53:06,120 database.py:89  ERROR     ((50, 50, 45), (0, 0, 0))
2019-02-11 20:53:22,745 database.py:89  ERROR     ((60, 60, 54), (0, 0, 0))
2019-02-11 20:54:39,881 database.py:90  ERROR     ((70, 70, 63), (0, 0, 0))
2019-02-11 20:57:19,456 database.py:90  ERROR     ((80, 80, 72), (0, 0, 0))
2019-02-11 21:31:34,110 database.py:117 ERROR     ((90, 90, 81), (0, 0, 0))
2019-02-11 21:56:36,093 database.py:127 ERROR     ((100, 100, 90), (0, 0, 0))
2019-02-11 22:07:34,299 database.py:137 ERROR     ((110, 110, 99), (0, 0, 0))
2019-02-11 22:15:53,044 database.py:144 ERROR     ((10, 10, 9), (0, 0, 0))
2019-02-11 22:22:02,852 database.py:144 ERROR     ((20, 20, 18), (0, 0, 0))
2019-02-11 22:25:09,275 database.py:144 ERROR     ((30, 30, 27), (0, 0, 0))
2019-02-11 22:31:46,326 database.py:144 ERROR     ((40, 40, 36), (0, 0, 0))
2019-02-11 22:33:00,396 database.py:144 ERROR     ((50, 50, 45), (0, 0, 0))
2019-02-11 22:33:50,848 database.py:144 ERROR     ((60, 60, 54), (0, 0, 0))
2019-02-11 22:35:00,990 database.py:146 ERROR     ((70, 70, 63), (0, 0, 0))
2019-02-11 22:36:26,659 database.py:147 ERROR     ((80, 80, 72), (0, 0, 0))
2019-02-11 22:36:59,890 database.py:147 ERROR     ((90, 90, 81), (0, 0, 0))
2019-02-11 22:38:45,748 database.py:147 ERROR     ((100, 100, 90), (0, 0, 0))
2019-02-11 22:38:59,991 database.py:146 ERROR     ((110, 110, 99), (0, 0, 0))
2019-02-11 22:39:22,308 database.py:146 ERROR     ((120, 120, 108), (0, 0, 0))
2019-02-11 22:39:48,824 database.py:146 ERROR     ((130, 130, 117), (0, 0, 0))
2019-02-11 22:42:14,498 database.py:146 ERROR     ((140, 140, 126), (0, 0, 0))
2019-02-11 22:44:05,598 database.py:146 ERROR     ((150, 150, 135), (0, 0, 0))
2019-02-11 22:45:43,113 database.py:146 ERROR     ((160, 160, 144), (0, 0, 0))
2019-02-11 22:46:24,502 database.py:146 ERROR     ((170, 170, 153), (0, 0, 0))
2019-02-11 22:47:38,173 database.py:144 ERROR     ((180, 180, 162), (0, 0, 0))
2019-02-11 22:48:21,312 database.py:144 ERROR     ((190, 190, 171), (0, 0, 0))
2019-02-12 11:14:53,218 database.py:145 ERROR     ((200, 200, 180), (0, 0, 0))
2019-02-12 11:15:36,786 database.py:145 ERROR     ((210, 210, 189), (0, 0, 0))
2019-02-12 11:16:34,842 database.py:146 ERROR     ((220, 220, 198), (0, 0, 0))
2019-02-12 11:17:49,235 database.py:146 ERROR     ((230, 230, 207), (0, 0, 0))
2019-02-12 11:33:33,908 database.py:146 ERROR     ((240, 240, 216), (0, 0, 0))
2019-02-12 11:33:49,879 database.py:145 ERROR     ((250, 250, 225), (0, 0, 0))
2019-02-12 11:34:31,822 database.py:145 ERROR     ((260, 260, 234), (0, 0, 0))
2019-02-12 11:38:30,187 database.py:145 ERROR     ((270, 270, 243), (0, 0, 0))
2019-02-12 11:43:29,084 database.py:145 ERROR     ((10, 10, 9), (0, 0, 0))
2019-02-12 11:48:37,848 database.py:145 ERROR     ((10, 10, 9), (0, 0, 0))
2019-02-12 11:52:17,178 database.py:146 ERROR     ((20, 20, 18), (0, 0, 0))
2019-02-12 11:54:33,333 database.py:147 ERROR     ((10, 10, 9), (0, 0, 0))
2019-02-12 12:03:04,080 database.py:146 ERROR     ((10, 10, 9), (0, 0, 0))
2019-02-12 12:05:50,168 database.py:147 ERROR     ((20, 20, 18), (0, 0, 0))
2019-02-12 12:06:15,778 database.py:147 ERROR     ((30, 30, 27), (0, 0, 0))
2019-02-12 12:06:36,787 database.py:147 ERROR     ((40, 40, 36), (0, 0, 0))
2019-02-12 12:15:57,740 database.py:149 ERROR     ((40, 40, 36), (0, 0, 0))
2019-02-12 12:16:47,169 database.py:149 ERROR     ((40, 40, 36), (0, 0, 0))
2019-02-12 12:17:19,916 database.py:149 ERROR     ((40, 40, 36), (0, 0, 0))
2019-02-12 12:20:04,408 database.py:146 ERROR     ((50, 50, 45), (0, 0, 0))
2019-02-12 12:28:28,023 database.py:146 ERROR     ((60, 60, 54), (0, 0, 0))
2019-02-12 12:36:58,197 database.py:147 ERROR     ((70, 70, 63), (0, 0, 0))
2019-02-12 12:37:12,424 database.py:147 ERROR     ((80, 80, 72), (0, 0, 0))
2019-02-12 12:38:31,824 database.py:147 ERROR     ((90, 90, 81), (0, 0, 0))
2019-02-12 13:37:32,474 database.py:149 ERROR     ((90, 90, 81), (0, 0, 0))
2019-02-12 13:38:08,904 database.py:149 ERROR     ((90, 90, 81), (0, 0, 0))
2019-02-12 13:40:06,342 database.py:149 ERROR     ((0, 0, 0), (0, 0, 0))
2019-02-12 13:42:10,757 database.py:147 ERROR     ((10, 10, 9), (0, 0, 0))
2019-02-12 14:08:24,130 database.py:147 ERROR     ((10, 10, 9), (0, 0, 0))
2019-02-12 14:09:57,915 database.py:148 ERROR     ((20, 20, 18), (0, 0, 0))
2019-02-12 15:57:16,470 database.py:148 ERROR     ((10, 10, 9), (0, 0, 0))
