2019-01-17 19:38:41,228 charges_calc.py:55  DEBUG We're here
2019-01-17 19:40:46,180 charges_calc.py:52  DEBUG We're here
2019-01-17 19:41:45,143 charges_calc.py:27  DEBUG JSON has successfully loaded
2019-01-17 19:41:45,145 charges_calc.py:53  DEBUG We're here
2019-01-17 19:46:42,920 charges_calc.py:27  DEBUG JSON has successfully loaded
2019-01-17 19:46:42,922 charges_calc.py:44  WARNING A value is negative
2019-01-17 19:46:42,922 charges_calc.py:55  DEBUG We're here
2019-01-17 19:49:08,723 charges_calc.py:27  DEBUG JSON has successfully loaded
2019-01-17 19:49:08,725 charges_calc.py:49  DEBUG 50.41825066382212
2019-01-17 19:49:08,726 charges_calc.py:49  DEBUG 113.27841806805037
2019-01-17 19:49:08,726 charges_calc.py:49  DEBUG 139.85706989637671
2019-01-17 19:49:08,726 charges_calc.py:49  DEBUG 138.5640646055102
2019-01-17 19:49:08,726 charges_calc.py:49  DEBUG 59.10160742314882
2019-01-17 19:49:08,726 charges_calc.py:49  DEBUG 23.664319132398465
2019-01-17 19:49:08,726 charges_calc.py:49  DEBUG 25.298221281347036
2019-01-17 19:49:08,726 charges_calc.py:49  DEBUG 36.823905279043935
2019-01-17 19:49:08,726 charges_calc.py:49  DEBUG 70.48404074682438
2019-01-17 19:49:08,726 charges_calc.py:49  DEBUG 73.48469228349535
2019-01-17 19:49:08,726 charges_calc.py:49  DEBUG 116.05171261123206
2019-01-17 19:49:08,726 charges_calc.py:49  DEBUG 108.0
2019-01-17 19:49:08,726 charges_calc.py:49  DEBUG 45.71651780264984
2019-01-17 19:49:08,727 charges_calc.py:49  DEBUG 82.51060537894507
2019-01-17 19:49:08,727 charges_calc.py:49  DEBUG 109.83624174196785
2019-01-17 19:49:08,727 charges_calc.py:49  DEBUG 97.48846085563153
2019-01-17 19:49:08,727 charges_calc.py:49  DEBUG 24.73863375370596
2019-01-17 19:49:08,727 charges_calc.py:49  DEBUG 92.951600308978
2019-01-17 19:49:08,727 charges_calc.py:49  DEBUG 151.04635050208927
2019-01-17 19:49:08,727 charges_calc.py:49  DEBUG 171.3767778901214
2019-01-17 19:49:08,727 charges_calc.py:49  DEBUG 137.0291939697523
2019-01-17 19:49:08,727 charges_calc.py:49  DEBUG 74.26977851050857
2019-01-17 19:49:08,727 charges_calc.py:49  DEBUG 126.01587201618692
2019-01-17 19:49:08,727 charges_calc.py:49  DEBUG 99.89994994993741
2019-01-17 19:49:08,727 charges_calc.py:49  DEBUG 129.29810516786392
2019-01-17 19:49:08,727 charges_calc.py:49  DEBUG 130.0769003320728
2019-01-17 19:49:08,727 charges_calc.py:49  DEBUG 58.787753826796276
2019-01-17 19:49:08,728 charges_calc.py:49  DEBUG 85.09994124557313
2019-01-17 19:49:08,728 charges_calc.py:49  DEBUG 77.78174593052023
2019-01-17 19:49:08,728 charges_calc.py:49  DEBUG 47.89572005931219
2019-01-17 19:49:08,728 charges_calc.py:49  DEBUG 99.9499874937461
2019-01-17 19:49:08,728 charges_calc.py:49  DEBUG 23.323807579381203
2019-01-17 19:49:08,728 charges_calc.py:49  DEBUG 20.199009876724155
2019-01-17 19:49:08,728 charges_calc.py:49  DEBUG 141.47791347061914
2019-01-17 19:49:08,728 charges_calc.py:49  DEBUG 91.10433579144299
2019-01-17 19:49:08,728 charges_calc.py:49  DEBUG 34.49637662132068
2019-01-17 19:49:08,728 charges_calc.py:49  DEBUG 35.199431813596085
2019-01-17 19:49:08,728 charges_calc.py:49  DEBUG 48.0
2019-01-17 19:49:08,728 charges_calc.py:49  DEBUG 0.0
2019-01-17 19:49:08,728 charges_calc.py:49  DEBUG 87.90904390334364
2019-01-17 19:49:08,728 charges_calc.py:49  DEBUG 67.55738301621814
2019-01-17 19:49:08,729 charges_calc.py:49  DEBUG 30.397368307141328
2019-01-17 19:49:08,729 charges_calc.py:49  DEBUG 110.47171583713181
2019-01-17 19:49:08,729 charges_calc.py:49  DEBUG 96.74709297958259
2019-01-17 19:49:08,729 charges_calc.py:49  DEBUG 34.942810419312295
2019-01-17 19:49:08,729 charges_calc.py:49  DEBUG 97.57048734120374
2019-01-17 19:49:08,729 charges_calc.py:49  DEBUG 96.12491872558333
2019-01-17 19:49:08,729 charges_calc.py:49  DEBUG 105.98113039593416
2019-01-17 19:49:08,729 charges_calc.py:49  DEBUG 29.93325909419153
2019-01-17 19:49:08,729 charges_calc.py:49  DEBUG 133.47658970770868
2019-01-17 19:49:08,729 charges_calc.py:49  DEBUG 130.61776295741709
2019-01-17 19:49:08,729 charges_calc.py:49  DEBUG 34.72751070837067
2019-01-17 19:49:08,729 charges_calc.py:49  DEBUG 53.103672189407014
2019-01-17 19:49:08,729 charges_calc.py:49  DEBUG 46.151923036857305
2019-01-17 19:49:08,730 charges_calc.py:49  DEBUG 85.59205570612264
2019-01-17 19:49:08,730 charges_calc.py:49  DEBUG 176.0681686165901
2019-01-17 19:49:08,730 charges_calc.py:49  DEBUG 90.86803618434813
2019-01-17 19:49:08,730 charges_calc.py:49  DEBUG 68.99275324264136
2019-01-17 19:49:08,730 charges_calc.py:49  DEBUG 37.322915213043046
2019-01-17 19:49:08,730 charges_calc.py:49  DEBUG 28.495613697550013
2019-01-17 19:49:08,730 charges_calc.py:49  DEBUG 91.52048950918041
2019-01-17 19:49:08,730 charges_calc.py:49  DEBUG 31.559467676119
2019-01-17 19:49:08,730 charges_calc.py:49  DEBUG 131.224997618594
2019-01-17 19:49:08,730 charges_calc.py:49  DEBUG 53.40411969127476
2019-01-17 19:49:08,730 charges_calc.py:49  DEBUG 85.72047596694736
2019-01-17 19:49:08,730 charges_calc.py:49  DEBUG 155.87494987970325
2019-01-17 19:49:08,730 charges_calc.py:49  DEBUG 53.40411969127476
2019-01-17 19:49:08,730 charges_calc.py:49  DEBUG 44.87761134463375
2019-01-17 19:49:08,730 charges_calc.py:49  DEBUG 56.68333088307355
2019-01-17 19:49:08,731 charges_calc.py:49  DEBUG 68.60029154456998
2019-01-17 19:49:08,731 charges_calc.py:49  DEBUG 28.24889378365107
2019-01-17 19:49:08,731 charges_calc.py:49  DEBUG 140.96808149364875
2019-01-17 19:49:08,731 charges_calc.py:49  DEBUG 60.28266749240614
2019-01-17 19:49:08,731 charges_calc.py:49  DEBUG 35.41186241925155
2019-01-17 19:49:08,731 charges_calc.py:49  DEBUG 152.64337522473747
2019-01-17 19:49:08,731 charges_calc.py:49  DEBUG 122.88205727444507
2019-01-17 19:49:08,731 charges_calc.py:49  DEBUG 94.21252570651102
2019-01-17 19:49:08,731 charges_calc.py:49  DEBUG 64.69930447848725
2019-01-17 19:49:08,731 charges_calc.py:49  DEBUG 79.89993742175271
2019-01-17 19:49:08,731 charges_calc.py:49  DEBUG 78.70832230456955
2019-01-17 19:49:08,731 charges_calc.py:49  DEBUG 71.88880302244571
2019-01-17 19:49:08,731 charges_calc.py:49  DEBUG 99.07572861200669
2019-01-17 19:49:08,731 charges_calc.py:49  DEBUG 50.49752469181039
2019-01-17 19:49:08,732 charges_calc.py:49  DEBUG 77.87168933572714
2019-01-17 19:49:08,732 charges_calc.py:49  DEBUG 23.811761799581316
2019-01-17 19:49:08,732 charges_calc.py:49  DEBUG 101.58740079360236
2019-01-17 19:49:08,732 charges_calc.py:49  DEBUG 44.28317965096906
2019-01-17 19:49:08,732 charges_calc.py:49  DEBUG 72.24956747275377
2019-01-17 19:49:08,732 charges_calc.py:49  DEBUG 40.496913462633174
2019-01-17 19:49:08,732 charges_calc.py:49  DEBUG 76.28892449104261
2019-01-17 19:49:08,732 charges_calc.py:49  DEBUG 24.49489742783178
2019-01-17 19:49:08,732 charges_calc.py:49  DEBUG 72.37402849088892
2019-01-17 19:49:08,732 charges_calc.py:49  DEBUG 178.0814420426789
2019-01-17 19:49:08,732 charges_calc.py:49  DEBUG 6.164414002968976
2019-01-17 19:49:08,732 charges_calc.py:49  DEBUG 47.62352359916263
2019-01-17 19:49:08,732 charges_calc.py:49  DEBUG 42.988370520409354
2019-01-17 19:49:08,732 charges_calc.py:49  DEBUG 62.56996084384263
2019-01-17 19:49:08,733 charges_calc.py:49  DEBUG 84.85870609430714
2019-01-17 19:49:08,733 charges_calc.py:49  DEBUG 117.19214990774766
2019-01-17 19:49:08,733 charges_calc.py:49  DEBUG 86.94826047713663
2019-01-17 19:49:08,733 charges_calc.py:49  DEBUG 62.85698051927089
2019-01-17 19:49:08,733 charges_calc.py:49  DEBUG 86.68333173107735
2019-01-17 19:49:08,733 charges_calc.py:49  DEBUG 82.58329128825031
2019-01-17 19:49:08,733 charges_calc.py:49  DEBUG 121.60180919706745
2019-01-17 19:49:08,733 charges_calc.py:49  DEBUG 147.29562111617574
2019-01-17 19:49:08,733 charges_calc.py:49  DEBUG 50.19960159204453
2019-01-17 19:49:08,733 charges_calc.py:49  DEBUG 62.928530890209096
2019-01-17 19:49:08,733 charges_calc.py:49  DEBUG 85.77878525602937
2019-01-17 19:49:08,733 charges_calc.py:49  DEBUG 126.45157175772866
2019-01-17 19:49:08,733 charges_calc.py:49  DEBUG 143.84366513684222
2019-01-17 19:49:08,733 charges_calc.py:49  DEBUG 46.475800154489
2019-01-17 19:49:08,734 charges_calc.py:49  DEBUG 32.2490309931942
2019-01-17 19:49:08,734 charges_calc.py:49  DEBUG 10.392304845413264
2019-01-17 19:49:08,734 charges_calc.py:49  DEBUG 84.82924024179398
2019-01-17 19:49:08,734 charges_calc.py:49  DEBUG 81.38795979750321
2019-01-17 19:49:08,734 charges_calc.py:49  DEBUG 44.98888751680797
2019-01-17 19:49:08,734 charges_calc.py:49  DEBUG 75.0066663703967
2019-01-17 19:49:08,734 charges_calc.py:49  DEBUG 97.58073580374356
2019-01-17 19:49:08,734 charges_calc.py:49  DEBUG 77.22693830523129
2019-01-17 19:49:08,734 charges_calc.py:49  DEBUG 30.495901363953813
2019-01-17 19:49:08,734 charges_calc.py:49  DEBUG 84.10112960002381
2019-01-17 19:49:08,734 charges_calc.py:49  DEBUG 98.63062404750362
2019-01-17 19:49:08,735 charges_calc.py:49  DEBUG 53.47896782848375
2019-01-17 19:49:08,735 charges_calc.py:49  DEBUG 37.376463182061514
2019-01-17 19:49:08,735 charges_calc.py:49  DEBUG 61.04096984812741
2019-01-17 19:49:08,735 charges_calc.py:49  DEBUG 73.7563556583431
2019-01-17 19:49:08,735 charges_calc.py:49  DEBUG 184.0950841277409
2019-01-17 19:49:08,735 charges_calc.py:49  DEBUG 83.94641147779933
2019-01-17 19:49:08,735 charges_calc.py:49  DEBUG 42.708313008125245
2019-01-17 19:49:08,735 charges_calc.py:49  DEBUG 52.15361924162119
2019-01-17 19:49:08,735 charges_calc.py:49  DEBUG 49.658836071740545
2019-01-17 19:49:08,735 charges_calc.py:49  DEBUG 104.30723848324239
2019-01-17 19:49:08,735 charges_calc.py:49  DEBUG 105.60776486603625
2019-01-17 19:49:08,735 charges_calc.py:49  DEBUG 91.64605828948673
2019-01-17 19:49:08,735 charges_calc.py:49  DEBUG 26.324893162176366
2019-01-17 19:49:08,735 charges_calc.py:49  DEBUG 25.199206336708304
2019-01-17 19:49:08,736 charges_calc.py:49  DEBUG 39.30648801406709
2019-01-17 19:49:08,736 charges_calc.py:49  DEBUG 88.0
2019-01-17 19:49:08,736 charges_calc.py:49  DEBUG 55.72252686302013
2019-01-17 19:49:08,736 charges_calc.py:49  DEBUG 22.759613353482084
2019-01-17 19:49:08,736 charges_calc.py:49  DEBUG 79.89993742175271
2019-01-17 19:49:08,736 charges_calc.py:49  DEBUG 56.142675390472796
2019-01-17 19:49:08,736 charges_calc.py:49  DEBUG 202.5536965843872
2019-01-17 19:49:08,736 charges_calc.py:49  DEBUG 161.04347239177378
2019-01-17 19:49:08,736 charges_calc.py:49  DEBUG 151.76626766182267
2019-01-17 19:49:08,736 charges_calc.py:49  DEBUG 137.42634390829147
2019-01-17 19:49:08,736 charges_calc.py:49  DEBUG 45.110974274559844
2019-01-17 19:49:08,736 charges_calc.py:49  DEBUG 20.71231517720798
2019-01-17 19:49:08,736 charges_calc.py:49  DEBUG 117.89826122551597
2019-01-17 19:49:08,736 charges_calc.py:49  DEBUG 64.9307323229917
2019-01-17 19:49:08,737 charges_calc.py:49  DEBUG 134.6291201783626
2019-01-17 19:49:08,737 charges_calc.py:49  DEBUG 0.0
2019-01-17 19:49:08,737 charges_calc.py:49  DEBUG 45.98912915026767
2019-01-17 19:49:08,737 charges_calc.py:49  DEBUG 81.97560612767678
2019-01-17 19:49:08,737 charges_calc.py:49  DEBUG 61.514225996918796
2019-01-17 19:49:08,737 charges_calc.py:49  DEBUG 42.95346318982906
2019-01-17 19:49:08,737 charges_calc.py:49  DEBUG 136.586968631711
2019-01-17 19:49:08,737 charges_calc.py:49  DEBUG 101.35087567455942
2019-01-17 19:49:08,737 charges_calc.py:49  DEBUG 143.94443372357264
2019-01-17 19:49:08,737 charges_calc.py:49  DEBUG 27.92848008753788
2019-01-17 19:49:08,737 charges_calc.py:49  DEBUG 58.32666628567074
2019-01-17 19:49:08,737 charges_calc.py:49  DEBUG 98.83319280484669
2019-01-17 19:49:08,737 charges_calc.py:49  DEBUG 48.249352327259274
2019-01-17 19:49:08,737 charges_calc.py:49  DEBUG 73.89181280764467
2019-01-17 19:49:08,737 charges_calc.py:49  DEBUG 74.93997598078077
2019-01-17 19:49:08,738 charges_calc.py:49  DEBUG 170.859591477915
2019-01-17 19:49:08,738 charges_calc.py:49  DEBUG 38.18376618407357
2019-01-17 19:49:08,738 charges_calc.py:49  DEBUG 74.67931440499437
2019-01-17 19:49:08,738 charges_calc.py:49  DEBUG 122.84950142348971
2019-01-17 19:49:08,738 charges_calc.py:49  DEBUG 95.89056262218926
2019-01-17 19:49:08,738 charges_calc.py:49  DEBUG 106.99532700076205
2019-01-17 19:49:08,738 charges_calc.py:49  DEBUG 19.748417658131498
2019-01-17 19:49:08,738 charges_calc.py:49  DEBUG 75.73638491504595
2019-01-17 19:49:08,738 charges_calc.py:49  DEBUG 90.95053600721658
2019-01-17 19:49:08,738 charges_calc.py:49  DEBUG 49.17316341257699
2019-01-17 19:49:08,738 charges_calc.py:49  DEBUG 31.368774282716245
2019-01-17 19:49:08,738 charges_calc.py:49  DEBUG 122.11470017978998
2019-01-17 19:49:08,738 charges_calc.py:49  DEBUG 68.11754546370561
2019-01-17 19:49:08,738 charges_calc.py:49  DEBUG 7.745966692414834
2019-01-17 19:49:08,739 charges_calc.py:49  DEBUG 150.77798247754876
2019-01-17 19:49:08,739 charges_calc.py:49  DEBUG 63.245553203367585
2019-01-17 19:49:08,739 charges_calc.py:49  DEBUG 71.93747284969079
2019-01-17 19:49:08,739 charges_calc.py:49  DEBUG 35.66510900025401
2019-01-17 19:49:08,739 charges_calc.py:49  DEBUG 51.478150704935004
2019-01-17 19:49:08,739 charges_calc.py:49  DEBUG 117.87705459503134
2019-01-17 19:49:08,739 charges_calc.py:49  DEBUG 47.968739820845826
2019-01-17 19:49:08,739 charges_calc.py:49  DEBUG 79.56129712366435
2019-01-17 19:49:08,739 charges_calc.py:49  DEBUG 88.54377448471462
2019-01-17 19:49:08,739 charges_calc.py:49  DEBUG 41.352146256270665
2019-01-17 19:49:08,739 charges_calc.py:49  DEBUG 35.70714214271425
2019-01-17 19:49:08,739 charges_calc.py:49  DEBUG 173.75845303178778
2019-01-17 19:49:08,739 charges_calc.py:49  DEBUG 17.60681686165901
2019-01-17 19:49:08,739 charges_calc.py:49  DEBUG 66.0
2019-01-17 19:49:08,740 charges_calc.py:49  DEBUG 81.97560612767678
2019-01-17 19:49:08,740 charges_calc.py:49  DEBUG 120.13742131409347
2019-01-17 19:49:08,740 charges_calc.py:49  DEBUG 131.27452151883853
2019-01-17 19:49:08,740 charges_calc.py:49  DEBUG 59.6992462263972
2019-01-17 19:49:08,740 charges_calc.py:49  DEBUG 105.16653460107925
2019-01-17 19:49:08,740 charges_calc.py:49  DEBUG 46.24932431938871
2019-01-17 19:49:08,740 charges_calc.py:49  DEBUG 30.59411708155671
2019-01-17 19:49:08,740 charges_calc.py:49  DEBUG 81.42481194328913
2019-01-17 19:49:08,740 charges_calc.py:49  DEBUG 184.48306155308677
2019-01-17 19:49:08,740 charges_calc.py:49  DEBUG 96.30680142129111
2019-01-17 19:49:08,740 charges_calc.py:49  DEBUG 95.80187889597991
2019-01-17 19:49:08,740 charges_calc.py:49  DEBUG 109.43034314119645
2019-01-17 19:49:08,740 charges_calc.py:49  DEBUG 6.0
2019-01-17 19:49:08,740 charges_calc.py:49  DEBUG 116.83321445547922
2019-01-17 19:49:08,741 charges_calc.py:49  DEBUG 9.797958971132712
2019-01-17 19:49:08,741 charges_calc.py:49  DEBUG 80.16233529532433
2019-01-17 19:49:08,741 charges_calc.py:49  DEBUG 33.2264954516723
2019-01-17 19:49:08,741 charges_calc.py:49  DEBUG 25.41653005427767
2019-01-17 19:49:08,741 charges_calc.py:49  DEBUG 24.919871588754223
2019-01-17 19:49:08,741 charges_calc.py:49  DEBUG 156.7928569801571
2019-01-17 19:49:08,741 charges_calc.py:49  DEBUG 64.09368143584827
2019-01-17 19:49:08,741 charges_calc.py:49  DEBUG 93.99468070055879
2019-01-17 19:49:08,741 charges_calc.py:49  DEBUG 33.46640106136302
2019-01-17 19:49:08,741 charges_calc.py:49  DEBUG 60.991802727907626
2019-01-17 19:49:08,741 charges_calc.py:49  DEBUG 118.82760622010359
2019-01-17 19:49:08,741 charges_calc.py:49  DEBUG 98.89388252060893
2019-01-17 19:49:08,741 charges_calc.py:49  DEBUG 67.15653356152326
2019-01-17 19:49:08,741 charges_calc.py:49  DEBUG 181.10770276274835
2019-01-17 19:49:08,741 charges_calc.py:49  DEBUG 82.78888814327681
2019-01-17 19:49:08,742 charges_calc.py:49  DEBUG 132.06816421833082
2019-01-17 19:49:08,742 charges_calc.py:49  DEBUG 115.7410903698423
2019-01-17 19:49:08,742 charges_calc.py:49  DEBUG 59.58187643906493
2019-01-17 19:49:08,742 charges_calc.py:49  DEBUG 15.0
2019-01-17 19:49:08,742 charges_calc.py:49  DEBUG 118.57065404222075
2019-01-17 19:49:08,742 charges_calc.py:49  DEBUG 103.48912986396203
2019-01-17 19:49:08,742 charges_calc.py:49  DEBUG 33.46640106136302
2019-01-17 19:49:08,742 charges_calc.py:49  DEBUG 38.06573262134856
2019-01-17 19:49:08,742 charges_calc.py:49  DEBUG 182.05768316662716
2019-01-17 19:49:08,742 charges_calc.py:49  DEBUG 98.21405194777374
2019-01-17 19:49:08,742 charges_calc.py:49  DEBUG 75.95393340703298
2019-01-17 19:49:08,742 charges_calc.py:49  DEBUG 35.14256678161116
2019-01-17 19:49:08,743 charges_calc.py:49  DEBUG 12.0
2019-01-17 19:49:08,743 charges_calc.py:49  DEBUG 99.84988733093293
2019-01-17 19:49:08,743 charges_calc.py:49  DEBUG 86.18584570566097
2019-01-17 19:49:08,743 charges_calc.py:49  DEBUG 27.110883423451916
2019-01-17 19:49:08,743 charges_calc.py:49  DEBUG 23.664319132398465
2019-01-17 19:49:08,743 charges_calc.py:49  DEBUG 48.92851929090027
2019-01-17 19:49:08,743 charges_calc.py:49  DEBUG 76.13146524269712
2019-01-17 19:49:08,743 charges_calc.py:49  DEBUG 55.96427431853289
2019-01-17 19:49:08,743 charges_calc.py:49  DEBUG 73.97972695272672
2019-01-17 19:49:08,743 charges_calc.py:49  DEBUG 88.11356308764276
2019-01-17 19:49:08,743 charges_calc.py:49  DEBUG 178.9385369337751
2019-01-17 19:49:08,743 charges_calc.py:49  DEBUG 57.60208329565867
2019-01-17 19:49:08,743 charges_calc.py:49  DEBUG 16.431676725154983
2019-01-17 19:49:08,743 charges_calc.py:49  DEBUG 115.03477735015616
2019-01-17 19:49:08,744 charges_calc.py:49  DEBUG 25.80697580112788
2019-01-17 19:49:08,744 charges_calc.py:49  DEBUG 29.393876913398138
2019-01-17 19:49:08,744 charges_calc.py:49  DEBUG 84.90583018850944
2019-01-17 19:49:08,744 charges_calc.py:49  DEBUG 70.9929573971954
2019-01-17 19:49:08,744 charges_calc.py:49  DEBUG 140.49911031746785
2019-01-17 19:49:08,744 charges_calc.py:49  DEBUG 39.698866482558415
2019-01-17 19:49:08,744 charges_calc.py:49  DEBUG 93.93082561119114
2019-01-17 19:49:08,744 charges_calc.py:49  DEBUG 45.32107677449864
2019-01-17 19:49:08,744 charges_calc.py:49  DEBUG 140.356688476182
2019-01-17 19:49:08,744 charges_calc.py:49  DEBUG 59.09314681077663
2019-01-17 19:49:08,744 charges_calc.py:49  DEBUG 136.37448441699055
2019-01-17 19:49:08,744 charges_calc.py:49  DEBUG 77.35631842325486
2019-01-17 19:49:08,744 charges_calc.py:49  DEBUG 43.12771730569565
2019-01-17 19:49:08,744 charges_calc.py:49  DEBUG 34.62657938636157
2019-01-17 19:49:08,744 charges_calc.py:49  DEBUG 95.60857702110204
2019-01-17 19:49:08,745 charges_calc.py:49  DEBUG 104.57055034760026
2019-01-17 19:49:08,745 charges_calc.py:49  DEBUG 4.0
2019-01-17 19:49:08,745 charges_calc.py:49  DEBUG 22.516660498395403
2019-01-17 19:49:08,745 charges_calc.py:49  DEBUG 111.71392035015153
2019-01-17 19:49:08,745 charges_calc.py:49  DEBUG 23.2379000772445
2019-01-17 19:49:08,745 charges_calc.py:49  DEBUG 142.54472982190538
2019-01-17 19:49:08,745 charges_calc.py:49  DEBUG 26.514147167125703
2019-01-17 19:49:08,745 charges_calc.py:49  DEBUG 96.23928511787689
2019-01-17 19:49:08,745 charges_calc.py:49  DEBUG 41.8568990729127
2019-01-17 19:49:08,745 charges_calc.py:49  DEBUG 54.3323108288245
2019-01-17 19:49:08,745 charges_calc.py:49  DEBUG 159.6809318610084
2019-01-17 19:49:08,745 charges_calc.py:49  DEBUG 31.811947441173732
2019-01-17 19:49:08,745 charges_calc.py:49  DEBUG 131.35067567393781
2019-01-17 19:49:08,745 charges_calc.py:49  DEBUG 57.227615711297986
2019-01-17 19:49:08,746 charges_calc.py:49  DEBUG 178.08986495586996
2019-01-17 19:49:08,746 charges_calc.py:49  DEBUG 154.4927182750048
2019-01-17 19:49:08,746 charges_calc.py:49  DEBUG 81.44323176298937
2019-01-17 19:49:08,746 charges_calc.py:49  DEBUG 43.197222132910355
2019-01-17 19:49:08,746 charges_calc.py:49  DEBUG 55.136195008360886
2019-01-17 19:49:08,746 charges_calc.py:49  DEBUG 14.696938456699069
2019-01-17 19:49:08,746 charges_calc.py:49  DEBUG 110.14535850411491
2019-01-17 19:49:08,746 charges_calc.py:49  DEBUG 33.98529093593286
2019-01-17 19:49:08,746 charges_calc.py:49  DEBUG 40.92676385936225
2019-01-17 19:49:08,746 charges_calc.py:49  DEBUG 88.47598544237866
2019-01-17 19:49:08,746 charges_calc.py:49  DEBUG 63.50590523722971
2019-01-17 19:49:08,746 charges_calc.py:49  DEBUG 23.2379000772445
2019-01-17 19:49:08,746 charges_calc.py:49  DEBUG 11.40175425099138
2019-01-17 19:49:08,746 charges_calc.py:49  DEBUG 106.22617379911601
2019-01-17 19:49:08,747 charges_calc.py:49  DEBUG 47.25462940284264
2019-01-17 19:49:08,747 charges_calc.py:49  DEBUG 43.9089968002003
2019-01-17 19:49:08,747 charges_calc.py:49  DEBUG 128.80993750483694
2019-01-17 19:49:08,747 charges_calc.py:49  DEBUG 83.45657553482529
2019-01-17 19:49:08,747 charges_calc.py:49  DEBUG 117.37120600896968
2019-01-17 19:49:08,747 charges_calc.py:49  DEBUG 35.2845575287547
2019-01-17 19:49:08,747 charges_calc.py:49  DEBUG 55.85696017507576
2019-01-17 19:49:08,747 charges_calc.py:49  DEBUG 13.96424004376894
2019-01-17 19:49:08,747 charges_calc.py:49  DEBUG 75.47847375245475
2019-01-17 19:49:08,747 charges_calc.py:49  DEBUG 91.56964562561112
2019-01-17 19:49:08,747 charges_calc.py:49  DEBUG 41.27953488110059
2019-01-17 19:49:08,747 charges_calc.py:49  DEBUG 110.22703842524301
2019-01-17 19:49:08,747 charges_calc.py:49  DEBUG 60.0
2019-01-17 19:49:08,747 charges_calc.py:49  DEBUG 109.40749517286281
2019-01-17 19:49:08,747 charges_calc.py:49  DEBUG 149.9333185119305
2019-01-17 19:49:08,748 charges_calc.py:49  DEBUG 47.53945729601885
2019-01-17 19:49:08,748 charges_calc.py:49  DEBUG 20.97617696340303
2019-01-17 19:49:08,748 charges_calc.py:49  DEBUG 36.46916505762094
2019-01-17 19:49:08,748 charges_calc.py:49  DEBUG 106.7145725756328
2019-01-17 19:49:08,748 charges_calc.py:49  DEBUG 134.5511055324333
2019-01-17 19:49:08,748 charges_calc.py:49  DEBUG 53.1224999411737
2019-01-17 19:49:08,748 charges_calc.py:49  DEBUG 66.48308055437865
2019-01-17 19:49:08,748 charges_calc.py:49  DEBUG 140.47775624631822
2019-01-17 19:49:08,748 charges_calc.py:49  DEBUG 97.57048734120374
2019-01-17 19:49:08,748 charges_calc.py:49  DEBUG 65.72670690061993
2019-01-17 19:49:08,748 charges_calc.py:49  DEBUG 101.3015300970326
2019-01-17 19:49:08,748 charges_calc.py:49  DEBUG 107.2706856508338
2019-01-17 19:49:08,748 charges_calc.py:49  DEBUG 199.84493989090643
2019-01-17 19:49:08,748 charges_calc.py:49  DEBUG 76.40680597957227
2019-01-17 19:49:08,749 charges_calc.py:49  DEBUG 72.94518489934754
2019-01-17 19:49:08,749 charges_calc.py:49  DEBUG 69.35416353759881
2019-01-17 19:49:08,749 charges_calc.py:49  DEBUG 59.924953066314536
2019-01-17 19:49:08,749 charges_calc.py:49  DEBUG 138.13037319865606
2019-01-17 19:49:08,749 charges_calc.py:49  DEBUG 155.04192981255102
2019-01-17 19:49:08,749 charges_calc.py:49  DEBUG 122.96340919151518
2019-01-17 19:49:08,749 charges_calc.py:49  DEBUG 139.86064492915796
2019-01-17 19:49:08,749 charges_calc.py:49  DEBUG 22.58317958127243
2019-01-17 19:49:08,749 charges_calc.py:49  DEBUG 124.25779653607253
2019-01-17 19:49:08,749 charges_calc.py:49  DEBUG 51.234753829797995
2019-01-17 19:49:08,749 charges_calc.py:49  DEBUG 8.717797887081348
2019-01-17 19:49:08,749 charges_calc.py:49  DEBUG 82.06095295571457
2019-01-17 19:49:08,749 charges_calc.py:49  DEBUG 75.41883053985921
2019-01-17 19:49:08,749 charges_calc.py:49  DEBUG 46.314144707637645
2019-01-17 19:49:08,750 charges_calc.py:49  DEBUG 12.24744871391589
2019-01-17 19:49:08,750 charges_calc.py:49  DEBUG 66.9925368977769
2019-01-17 19:49:08,750 charges_calc.py:49  DEBUG 81.54753215150045
2019-01-17 19:49:08,750 charges_calc.py:49  DEBUG 93.89355675444402
2019-01-17 19:49:08,750 charges_calc.py:49  DEBUG 137.56453031214116
2019-01-17 19:49:08,750 charges_calc.py:49  DEBUG 98.0
2019-01-17 19:49:08,750 charges_calc.py:49  DEBUG 102.81536850101739
2019-01-17 19:49:08,750 charges_calc.py:49  DEBUG 90.41570660012562
2019-01-17 19:49:08,750 charges_calc.py:49  DEBUG 30.463092423455635
2019-01-17 19:49:08,750 charges_calc.py:49  DEBUG 24.979991993593593
2019-01-17 19:49:08,750 charges_calc.py:49  DEBUG 88.26097665446491
2019-01-17 19:49:08,750 charges_calc.py:49  DEBUG 121.30539971493437
2019-01-17 19:49:08,751 charges_calc.py:49  DEBUG 61.18823416311342
2019-01-17 19:49:08,751 charges_calc.py:49  DEBUG 58.01723881744115
2019-01-17 19:49:08,751 charges_calc.py:49  DEBUG 90.08329478876757
2019-01-17 19:49:08,751 charges_calc.py:49  DEBUG 58.44655678480983
2019-01-17 19:49:08,751 charges_calc.py:49  DEBUG 132.06816421833082
2019-01-17 19:49:08,751 charges_calc.py:49  DEBUG 134.35400998853737
2019-01-17 19:49:08,751 charges_calc.py:49  DEBUG 105.8772874605314
2019-01-17 19:49:08,751 charges_calc.py:49  DEBUG 68.84765791223403
2019-01-17 19:49:08,751 charges_calc.py:49  DEBUG 23.2379000772445
2019-01-17 19:49:08,751 charges_calc.py:49  DEBUG 32.18695387886216
2019-01-17 19:49:08,751 charges_calc.py:49  DEBUG 74.01351227985333
2019-01-17 19:49:08,751 charges_calc.py:49  DEBUG 50.82322303829225
2019-01-17 19:49:08,751 charges_calc.py:49  DEBUG 107.03270528207722
2019-01-17 19:49:08,751 charges_calc.py:49  DEBUG 103.79306335203717
2019-01-17 19:49:08,751 charges_calc.py:49  DEBUG 120.80976781701055
2019-01-17 19:49:08,752 charges_calc.py:49  DEBUG 103.51811435686027
2019-01-17 19:49:08,752 charges_calc.py:49  DEBUG 20.445048300260872
2019-01-17 19:49:08,752 charges_calc.py:49  DEBUG 39.4715087119811
2019-01-17 19:49:08,752 charges_calc.py:49  DEBUG 118.78552100319298
2019-01-17 19:49:08,752 charges_calc.py:49  DEBUG 99.12618221237011
2019-01-17 19:49:08,752 charges_calc.py:49  DEBUG 62.625873247404705
2019-01-17 19:49:08,752 charges_calc.py:49  DEBUG 52.22068555658763
2019-01-17 19:49:08,752 charges_calc.py:49  DEBUG 45.16635916254486
2019-01-17 19:49:08,752 charges_calc.py:49  DEBUG 127.43625857659192
2019-01-17 19:49:08,752 charges_calc.py:49  DEBUG 125.85706178041819
2019-01-17 19:49:08,752 charges_calc.py:49  DEBUG 97.01546268507923
2019-01-17 19:49:08,752 charges_calc.py:49  DEBUG 45.36518488885502
2019-01-17 19:49:08,752 charges_calc.py:49  DEBUG 38.41874542459709
2019-01-17 19:49:08,752 charges_calc.py:49  DEBUG 21.908902300206645
2019-01-17 19:49:08,753 charges_calc.py:49  DEBUG 70.15696686716153
2019-01-17 19:49:08,753 charges_calc.py:49  DEBUG 121.2435565298214
2019-01-17 19:49:08,753 charges_calc.py:49  DEBUG 123.30450113438681
2019-01-17 19:49:08,753 charges_calc.py:49  DEBUG 105.84422516131903
2019-01-17 19:49:08,753 charges_calc.py:49  DEBUG 103.11159003720194
2019-01-17 19:49:08,753 charges_calc.py:49  DEBUG 99.20685460188726
2019-01-17 19:49:08,753 charges_calc.py:49  DEBUG 109.21538353180837
2019-01-17 19:49:08,753 charges_calc.py:49  DEBUG 14.071247279470288
2019-01-17 19:49:08,753 charges_calc.py:49  DEBUG 78.87965517166008
2019-01-17 19:49:08,753 charges_calc.py:49  DEBUG 105.72606112023658
2019-01-17 19:49:08,753 charges_calc.py:49  DEBUG 89.33084573650918
2019-01-17 19:49:08,753 charges_calc.py:49  DEBUG 188.9973544788392
2019-01-17 19:49:08,753 charges_calc.py:49  DEBUG 54.17564028232615
2019-01-17 19:49:08,753 charges_calc.py:49  DEBUG 116.88455843266894
2019-01-17 19:49:08,754 charges_calc.py:49  DEBUG 39.179076048319466
2019-01-17 19:49:08,754 charges_calc.py:49  DEBUG 18.0
2019-01-17 19:49:08,754 charges_calc.py:49  DEBUG 46.73328578219169
2019-01-17 19:49:08,754 charges_calc.py:49  DEBUG 76.68115805072325
2019-01-17 19:49:08,754 charges_calc.py:49  DEBUG 104.05287117614775
2019-01-17 19:49:08,754 charges_calc.py:49  DEBUG 23.49468024894146
2019-01-17 19:49:08,754 charges_calc.py:49  DEBUG 56.789083458002736
2019-01-17 19:49:08,754 charges_calc.py:49  DEBUG 85.59205570612264
2019-01-17 19:49:08,754 charges_calc.py:49  DEBUG 12.0
2019-01-17 19:49:08,754 charges_calc.py:49  DEBUG 148.37452611550273
2019-01-17 19:49:08,754 charges_calc.py:49  DEBUG 125.67816039392046
2019-01-17 19:49:08,754 charges_calc.py:49  DEBUG 68.14690014960328
2019-01-17 19:49:08,754 charges_calc.py:49  DEBUG 80.49844718999243
2019-01-17 19:49:08,754 charges_calc.py:49  DEBUG 50.0199960015992
2019-01-17 19:49:08,755 charges_calc.py:49  DEBUG 133.8656042454521
2019-01-17 19:49:08,755 charges_calc.py:49  DEBUG 98.5900603509299
2019-01-17 19:49:08,755 charges_calc.py:49  DEBUG 63.3798075099633
2019-01-17 19:49:08,755 charges_calc.py:49  DEBUG 90.83501527494779
2019-01-17 19:49:08,755 charges_calc.py:49  DEBUG 33.31666249791537
2019-01-17 19:49:08,755 charges_calc.py:49  DEBUG 80.64738061462381
2019-01-17 19:49:08,755 charges_calc.py:49  DEBUG 20.493901531919196
2019-01-17 19:49:08,755 charges_calc.py:49  DEBUG 98.2242332624694
2019-01-17 19:49:08,755 charges_calc.py:49  DEBUG 97.31906288081488
2019-01-17 19:49:08,755 charges_calc.py:49  DEBUG 42.190046219457976
2019-01-17 19:49:08,755 charges_calc.py:49  DEBUG 102.03920815059278
2019-01-17 19:49:08,755 charges_calc.py:49  DEBUG 68.3447144993671
2019-01-17 19:49:08,755 charges_calc.py:49  DEBUG 82.15838362577492
2019-01-17 19:49:08,755 charges_calc.py:49  DEBUG 72.22880311897741
2019-01-17 19:49:08,756 charges_calc.py:49  DEBUG 77.64019577512668
2019-01-17 19:49:08,756 charges_calc.py:49  DEBUG 97.05668446840743
2019-01-17 19:49:08,756 charges_calc.py:49  DEBUG 128.6079313261822
2019-01-17 19:49:08,756 charges_calc.py:49  DEBUG 73.54590403278758
2019-01-17 19:49:08,756 charges_calc.py:49  DEBUG 57.784080852774665
2019-01-17 19:49:08,756 charges_calc.py:49  DEBUG 96.48834126463156
2019-01-17 19:49:08,756 charges_calc.py:49  DEBUG 139.37718608151047
2019-01-17 19:49:08,756 charges_calc.py:49  DEBUG 133.47284367990366
2019-01-17 19:49:08,756 charges_calc.py:49  DEBUG 97.81615408509987
2019-01-17 19:49:08,756 charges_calc.py:49  DEBUG 72.73926037567333
2019-01-17 19:49:08,756 charges_calc.py:49  DEBUG 47.90615826801394
2019-01-17 19:49:08,756 charges_calc.py:49  DEBUG 78.23042886243178
2019-01-17 19:49:08,756 charges_calc.py:49  DEBUG 18.16590212458495
2019-01-17 19:49:08,757 charges_calc.py:49  DEBUG 87.20665112249179
2019-01-17 19:49:08,757 charges_calc.py:49  DEBUG 83.6181798414675
2019-01-17 19:49:08,757 charges_calc.py:49  DEBUG 158.90248582070703
2019-01-17 19:49:08,757 charges_calc.py:49  DEBUG 113.21660655575224
2019-01-17 19:49:08,757 charges_calc.py:49  DEBUG 98.46826900072936
2019-01-17 19:49:08,757 charges_calc.py:49  DEBUG 58.73670062235365
2019-01-17 19:49:08,757 charges_calc.py:49  DEBUG 110.56219968868203
2019-01-17 19:49:08,757 charges_calc.py:49  DEBUG 22.978250586152114
2019-01-17 19:49:08,757 charges_calc.py:49  DEBUG 56.83308895353129
2019-01-17 19:49:08,757 charges_calc.py:49  DEBUG 161.10865898517062
2019-01-17 19:49:08,758 charges_calc.py:49  DEBUG 91.58602513484249
2019-01-17 19:49:08,758 charges_calc.py:49  DEBUG 85.39906322671227
2019-01-17 19:49:08,758 charges_calc.py:49  DEBUG 155.9711511786715
2019-01-17 19:49:08,758 charges_calc.py:49  DEBUG 83.66600265340756
2019-01-17 19:49:08,758 charges_calc.py:49  DEBUG 44.0
2019-01-17 19:49:08,758 charges_calc.py:49  DEBUG 114.9434643640081
2019-01-17 19:49:08,758 charges_calc.py:49  DEBUG 52.24940191045253
2019-01-17 19:49:08,758 charges_calc.py:49  DEBUG 73.83765976789893
2019-01-17 19:49:08,758 charges_calc.py:49  DEBUG 128.17175976009693
2019-01-17 19:49:08,758 charges_calc.py:49  DEBUG 88.87069258197553
2019-01-17 19:49:08,758 charges_calc.py:49  DEBUG 30.789608636681304
2019-01-17 19:49:08,759 charges_calc.py:49  DEBUG 108.08330120791094
2019-01-17 19:49:08,759 charges_calc.py:49  DEBUG 165.8493292117879
2019-01-17 19:49:08,759 charges_calc.py:49  DEBUG 13.038404810405298
2019-01-17 19:49:08,759 charges_calc.py:49  DEBUG 34.292856398964496
2019-01-17 19:49:08,759 charges_calc.py:49  DEBUG 35.679125549822544
2019-01-17 19:49:08,759 charges_calc.py:49  DEBUG 138.52436608770313
2019-01-17 19:49:08,759 charges_calc.py:49  DEBUG 32.93933818400121
2019-01-17 19:49:08,759 charges_calc.py:49  DEBUG 98.64076236526155
2019-01-17 19:49:08,759 charges_calc.py:49  DEBUG 118.35117236428205
2019-01-17 19:49:08,759 charges_calc.py:49  DEBUG 92.33092656309694
2019-01-17 19:49:08,759 charges_calc.py:49  DEBUG 25.41653005427767
2019-01-17 19:49:08,759 charges_calc.py:49  DEBUG 98.54440623394105
2019-01-17 19:49:08,759 charges_calc.py:49  DEBUG 26.153393661244042
2019-01-17 19:49:08,759 charges_calc.py:49  DEBUG 124.21352583354198
2019-01-17 19:49:08,759 charges_calc.py:49  DEBUG 63.88270501473775
2019-01-17 19:49:08,760 charges_calc.py:49  DEBUG 142.47806848775008
2019-01-17 19:49:08,760 charges_calc.py:49  DEBUG 20.199009876724155
2019-01-17 19:49:08,760 charges_calc.py:49  DEBUG 83.30666239863412
2019-01-17 19:49:08,760 charges_calc.py:49  DEBUG 52.316345438113316
2019-01-17 19:49:08,760 charges_calc.py:49  DEBUG 71.33722730804723
2019-01-17 19:49:08,760 charges_calc.py:49  DEBUG 42.8485705712571
2019-01-17 19:49:08,760 charges_calc.py:49  DEBUG 142.51315728731856
2019-01-17 19:49:08,760 charges_calc.py:49  DEBUG 20.493901531919196
2019-01-17 19:49:08,760 charges_calc.py:49  DEBUG 45.69463863518345
2019-01-17 19:49:08,760 charges_calc.py:49  DEBUG 148.06755215103678
2019-01-17 19:49:08,760 charges_calc.py:49  DEBUG 50.84289527554464
2019-01-17 19:49:08,760 charges_calc.py:49  DEBUG 52.64978632435273
2019-01-17 19:49:08,760 charges_calc.py:49  DEBUG 18.16590212458495
2019-01-17 19:49:08,760 charges_calc.py:49  DEBUG 62.03224967708329
2019-01-17 19:49:08,761 charges_calc.py:49  DEBUG 48.28043081829324
2019-01-17 19:49:08,761 charges_calc.py:49  DEBUG 68.8839603971781
2019-01-17 19:49:08,761 charges_calc.py:49  DEBUG 99.44847912361456
2019-01-17 19:49:08,761 charges_calc.py:49  DEBUG 78.57480512225277
2019-01-17 19:49:08,761 charges_calc.py:49  DEBUG 126.48320046551636
2019-01-17 19:49:08,761 charges_calc.py:49  DEBUG 45.69463863518345
2019-01-17 19:49:08,761 charges_calc.py:49  DEBUG 106.99532700076205
2019-01-17 19:49:08,761 charges_calc.py:49  DEBUG 127.69886452118516
2019-01-17 19:49:08,761 charges_calc.py:49  DEBUG 44.45222154178574
2019-01-17 19:49:08,761 charges_calc.py:49  DEBUG 26.514147167125703
2019-01-17 19:49:08,761 charges_calc.py:49  DEBUG 85.20563361656318
2019-01-17 19:49:08,761 charges_calc.py:49  DEBUG 53.58171329847526
2019-01-17 19:49:08,761 charges_calc.py:49  DEBUG 90.46546302318913
2019-01-17 19:49:08,761 charges_calc.py:49  DEBUG 58.93216439263028
2019-01-17 19:49:08,762 charges_calc.py:49  DEBUG 47.77028364998475
2019-01-17 19:49:08,762 charges_calc.py:49  DEBUG 96.4779767615387
2019-01-17 19:49:08,762 charges_calc.py:49  DEBUG 84.79976415061542
2019-01-17 19:49:08,762 charges_calc.py:49  DEBUG 71.386273190299
2019-01-17 19:49:08,762 charges_calc.py:49  DEBUG 75.06663706334525
2019-01-17 19:49:08,762 charges_calc.py:49  DEBUG 46.76537180435969
2019-01-17 19:49:08,762 charges_calc.py:49  DEBUG 56.444663166680336
2019-01-17 19:49:08,762 charges_calc.py:49  DEBUG 85.81957818586619
2019-01-17 19:49:08,762 charges_calc.py:49  DEBUG 66.385239323211
2019-01-17 19:49:08,762 charges_calc.py:49  DEBUG 98.38699100999075
2019-01-17 19:49:08,762 charges_calc.py:49  DEBUG 52.72570530585627
2019-01-17 19:49:08,762 charges_calc.py:49  DEBUG 103.57605900979242
2019-01-17 19:49:08,762 charges_calc.py:49  DEBUG 48.0
2019-01-17 19:49:08,762 charges_calc.py:49  DEBUG 116.25833303466896
2019-01-17 19:49:08,763 charges_calc.py:49  DEBUG 57.54997827975264
2019-01-17 19:49:08,763 charges_calc.py:49  DEBUG 15.968719422671311
2019-01-17 19:49:08,763 charges_calc.py:49  DEBUG 79.52986860293433
2019-01-17 19:49:08,763 charges_calc.py:49  DEBUG 9.797958971132712
2019-01-17 19:49:08,763 charges_calc.py:49  DEBUG 65.0
2019-01-17 19:49:08,763 charges_calc.py:49  DEBUG 105.44192714475585
2019-01-17 19:49:08,763 charges_calc.py:49  DEBUG 62.353829072479584
2019-01-17 19:49:08,763 charges_calc.py:49  DEBUG 96.70573922989266
2019-01-17 19:49:08,763 charges_calc.py:49  DEBUG 92.03260291874831
2019-01-17 19:49:08,763 charges_calc.py:49  DEBUG 124.39855304624729
2019-01-17 19:49:08,763 charges_calc.py:49  DEBUG 2.6457513110645907
2019-01-17 19:49:08,763 charges_calc.py:49  DEBUG 47.81213235152768
2019-01-17 19:49:08,763 charges_calc.py:49  DEBUG 73.3621155638249
2019-01-17 19:49:08,763 charges_calc.py:49  DEBUG 50.34878350069642
2019-01-17 19:49:08,763 charges_calc.py:49  DEBUG 31.304951684997057
2019-01-17 19:49:08,764 charges_calc.py:49  DEBUG 69.0869017976635
2019-01-17 19:49:08,764 charges_calc.py:49  DEBUG 62.52999280345393
2019-01-17 19:49:08,764 charges_calc.py:49  DEBUG 155.19987113396712
2019-01-17 19:49:08,764 charges_calc.py:49  DEBUG 78.99367063252599
2019-01-17 19:49:08,764 charges_calc.py:49  DEBUG 153.72703080460508
2019-01-17 19:49:08,764 charges_calc.py:49  DEBUG 57.271284253105414
2019-01-17 19:49:08,764 charges_calc.py:49  DEBUG 136.31580979475564
2019-01-17 19:49:08,764 charges_calc.py:49  DEBUG 89.01123524589467
2019-01-17 19:49:08,764 charges_calc.py:49  DEBUG 117.05554237198682
2019-01-17 19:49:08,764 charges_calc.py:49  DEBUG 79.89993742175271
2019-01-17 19:49:08,764 charges_calc.py:49  DEBUG 64.65291950097846
2019-01-17 19:49:08,764 charges_calc.py:49  DEBUG 120.66482503198685
2019-01-17 19:49:08,764 charges_calc.py:49  DEBUG 83.55237878121723
2019-01-17 19:49:08,764 charges_calc.py:49  DEBUG 104.78549517943789
2019-01-17 19:49:08,765 charges_calc.py:49  DEBUG 96.87104830649868
2019-01-17 19:49:08,765 charges_calc.py:49  DEBUG 94.7100839404126
2019-01-17 19:49:08,765 charges_calc.py:49  DEBUG 42.04759208325728
2019-01-17 19:49:08,765 charges_calc.py:49  DEBUG 128.76334882255898
2019-01-17 19:49:08,765 charges_calc.py:49  DEBUG 101.75460677532
2019-01-17 19:49:08,765 charges_calc.py:49  DEBUG 8.366600265340756
2019-01-17 19:49:08,765 charges_calc.py:49  DEBUG 53.44155686354955
2019-01-17 19:49:08,765 charges_calc.py:49  DEBUG 104.82843125793688
2019-01-17 19:49:08,765 charges_calc.py:49  DEBUG 73.74957626996917
2019-01-17 19:49:08,765 charges_calc.py:49  DEBUG 91.0768905925098
2019-01-17 19:49:08,765 charges_calc.py:49  DEBUG 120.44915939930839
2019-01-17 19:49:08,765 charges_calc.py:49  DEBUG 49.07137658554119
2019-01-17 19:49:08,765 charges_calc.py:49  DEBUG 134.3763372026489
2019-01-17 19:49:08,766 charges_calc.py:49  DEBUG 56.568542494923804
2019-01-17 19:49:08,766 charges_calc.py:49  DEBUG 140.0071426749364
2019-01-17 19:49:08,766 charges_calc.py:49  DEBUG 73.64781055808787
2019-01-17 19:49:08,766 charges_calc.py:49  DEBUG 63.49803146555018
2019-01-17 19:49:08,766 charges_calc.py:49  DEBUG 49.39635614091387
2019-01-17 19:49:08,766 charges_calc.py:49  DEBUG 112.40996397117117
2019-01-17 19:49:08,766 charges_calc.py:49  DEBUG 137.5318145012273
2019-01-17 19:49:08,766 charges_calc.py:49  DEBUG 54.47935388750494
2019-01-17 19:49:08,766 charges_calc.py:49  DEBUG 49.49747468305833
2019-01-17 19:49:08,766 charges_calc.py:49  DEBUG 56.39148871948674
2019-01-17 19:49:08,767 charges_calc.py:49  DEBUG 153.94804318340653
2019-01-17 19:49:08,767 charges_calc.py:49  DEBUG 55.42562584220407
2019-01-17 19:49:08,767 charges_calc.py:49  DEBUG 88.58893836140041
2019-01-17 19:49:08,767 charges_calc.py:49  DEBUG 66.35510530471637
2019-01-17 19:49:08,767 charges_calc.py:49  DEBUG 52.64978632435273
2019-01-17 19:49:08,767 charges_calc.py:49  DEBUG 181.84058952830085
2019-01-17 19:49:08,767 charges_calc.py:49  DEBUG 104.49880382090505
2019-01-17 19:49:08,767 charges_calc.py:49  DEBUG 116.05171261123206
2019-01-17 19:49:08,767 charges_calc.py:49  DEBUG 67.7347768875044
2019-01-17 19:49:08,767 charges_calc.py:49  DEBUG 70.55494312945054
2019-01-17 19:49:08,767 charges_calc.py:49  DEBUG 9.16515138991168
2019-01-17 19:49:08,767 charges_calc.py:49  DEBUG 89.27485648266257
2019-01-17 19:49:08,767 charges_calc.py:49  DEBUG 21.447610589527216
2019-01-17 19:49:08,768 charges_calc.py:49  DEBUG 86.06392972668631
2019-01-17 19:49:08,768 charges_calc.py:49  DEBUG 47.8748368143433
2019-01-17 19:49:08,768 charges_calc.py:49  DEBUG 154.2400726140908
2019-01-17 19:49:08,768 charges_calc.py:49  DEBUG 110.77905939300983
2019-01-17 19:49:08,768 charges_calc.py:49  DEBUG 50.59644256269407
2019-01-17 19:49:08,768 charges_calc.py:49  DEBUG 37.12142238654117
2019-01-17 19:49:08,768 charges_calc.py:49  DEBUG 104.1633332799983
2019-01-17 19:49:08,768 charges_calc.py:49  DEBUG 124.32216214336043
2019-01-17 19:49:08,768 charges_calc.py:49  DEBUG 11.832159566199232
2019-01-17 19:49:08,768 charges_calc.py:49  DEBUG 114.81289126226201
2019-01-17 19:49:08,768 charges_calc.py:49  DEBUG 127.49117616525467
2019-01-17 19:49:08,768 charges_calc.py:49  DEBUG 109.98181667894016
2019-01-17 19:49:08,768 charges_calc.py:49  DEBUG 74.57881736793632
2019-01-17 19:49:08,768 charges_calc.py:49  DEBUG 104.82843125793688
2019-01-17 19:49:08,769 charges_calc.py:49  DEBUG 54.662601474865795
2019-01-17 19:49:08,769 charges_calc.py:49  DEBUG 30.72458299147443
2019-01-17 19:49:08,769 charges_calc.py:49  DEBUG 147.648230602334
2019-01-17 19:49:08,769 charges_calc.py:49  DEBUG 40.07492981902776
2019-01-17 19:49:08,769 charges_calc.py:49  DEBUG 48.92851929090027
2019-01-17 19:49:08,769 charges_calc.py:49  DEBUG 48.662100242385755
2019-01-17 19:49:08,769 charges_calc.py:49  DEBUG 118.99579824514814
2019-01-17 19:49:08,769 charges_calc.py:49  DEBUG 115.65465835840769
2019-01-17 19:49:08,769 charges_calc.py:49  DEBUG 32.17141588429082
2019-01-17 19:49:08,769 charges_calc.py:49  DEBUG 150.8476052179815
2019-01-17 19:49:08,769 charges_calc.py:49  DEBUG 70.35623639735144
2019-01-17 19:49:08,769 charges_calc.py:49  DEBUG 134.07460609675496
2019-01-17 19:49:08,769 charges_calc.py:49  DEBUG 88.88194417315589
2019-01-17 19:49:08,770 charges_calc.py:49  DEBUG 69.51258878793107
2019-01-17 19:49:08,770 charges_calc.py:49  DEBUG 74.90660852021001
2019-01-17 19:49:08,770 charges_calc.py:49  DEBUG 72.74613391789285
2019-01-17 19:49:08,770 charges_calc.py:49  DEBUG 47.30750469005948
2019-01-17 19:49:08,770 charges_calc.py:49  DEBUG 118.28778466096996
2019-01-17 19:49:08,770 charges_calc.py:49  DEBUG 184.51829177618137
2019-01-17 19:49:08,770 charges_calc.py:49  DEBUG 138.99640283115244
2019-01-17 19:49:08,770 charges_calc.py:49  DEBUG 19.974984355438178
2019-01-17 19:49:08,770 charges_calc.py:49  DEBUG 128.6856635371633
2019-01-17 19:49:08,770 charges_calc.py:49  DEBUG 82.70429251254133
2019-01-17 19:49:08,770 charges_calc.py:49  DEBUG 33.49626844888845
2019-01-17 19:49:08,770 charges_calc.py:49  DEBUG 91.21403400793103
2019-01-17 19:49:08,770 charges_calc.py:49  DEBUG 50.99019513592785
2019-01-17 19:49:08,770 charges_calc.py:49  DEBUG 66.4529909033446
2019-01-17 19:49:08,770 charges_calc.py:49  DEBUG 60.991802727907626
2019-01-17 19:49:08,771 charges_calc.py:49  DEBUG 92.79008567729636
2019-01-17 19:49:08,771 charges_calc.py:49  DEBUG 80.24961059095551
2019-01-17 19:49:08,771 charges_calc.py:49  DEBUG 78.46018098373213
2019-01-17 19:49:08,771 charges_calc.py:49  DEBUG 19.078784028338912
2019-01-17 19:49:08,771 charges_calc.py:49  DEBUG 91.56418513807678
2019-01-17 19:49:08,771 charges_calc.py:49  DEBUG 163.80476183554617
2019-01-17 19:49:08,771 charges_calc.py:49  DEBUG 63.49803146555018
2019-01-17 19:49:08,771 charges_calc.py:49  DEBUG 53.3572862878164
2019-01-17 19:49:08,771 charges_calc.py:49  DEBUG 49.47726750741192
2019-01-17 19:49:08,771 charges_calc.py:49  DEBUG 12.649110640673518
2019-01-17 19:49:08,771 charges_calc.py:49  DEBUG 106.58330075579383
2019-01-17 19:49:08,771 charges_calc.py:49  DEBUG 134.38749941865873
2019-01-17 19:49:08,771 charges_calc.py:49  DEBUG 56.868268832451726
2019-01-17 19:49:08,771 charges_calc.py:49  DEBUG 67.66830868286867
2019-01-17 19:49:08,772 charges_calc.py:49  DEBUG 51.97114584074513
2019-01-17 19:49:08,772 charges_calc.py:49  DEBUG 155.72411502397438
2019-01-17 19:49:08,772 charges_calc.py:49  DEBUG 10.392304845413264
2019-01-17 19:49:08,772 charges_calc.py:49  DEBUG 30.789608636681304
2019-01-17 19:49:08,772 charges_calc.py:49  DEBUG 23.664319132398465
2019-01-17 19:49:08,772 charges_calc.py:49  DEBUG 59.88321968631947
2019-01-17 19:49:08,772 charges_calc.py:49  DEBUG 125.27569596693526
2019-01-17 19:49:08,772 charges_calc.py:49  DEBUG 99.55400544428134
2019-01-17 19:49:08,772 charges_calc.py:49  DEBUG 76.13803254615921
2019-01-17 19:49:08,772 charges_calc.py:49  DEBUG 102.2985825903761
2019-01-17 19:49:08,772 charges_calc.py:49  DEBUG 49.8998997994986
2019-01-17 19:49:08,772 charges_calc.py:49  DEBUG 65.7723346096214
2019-01-17 19:49:08,772 charges_calc.py:49  DEBUG 24.819347291981714
2019-01-17 19:49:08,772 charges_calc.py:49  DEBUG 177.08754896942924
2019-01-17 19:49:08,773 charges_calc.py:49  DEBUG 19.8997487421324
2019-01-17 19:49:08,773 charges_calc.py:49  DEBUG 54.91812087098393
2019-01-17 19:49:08,773 charges_calc.py:49  DEBUG 185.9919353090343
2019-01-17 19:49:08,773 charges_calc.py:49  DEBUG 38.24918299781056
2019-01-17 19:49:08,773 charges_calc.py:49  DEBUG 65.3299318842443
2019-01-17 19:49:08,773 charges_calc.py:49  DEBUG 94.82088377567464
2019-01-17 19:49:08,773 charges_calc.py:49  DEBUG 74.23610981186985
2019-01-17 19:49:08,773 charges_calc.py:49  DEBUG 69.2820323027551
2019-01-17 19:49:08,773 charges_calc.py:49  DEBUG 87.57853618324526
2019-01-17 19:49:08,773 charges_calc.py:49  DEBUG 42.42640687119285
2019-01-17 19:49:08,773 charges_calc.py:49  DEBUG 49.29503017546495
2019-01-17 19:49:08,774 charges_calc.py:49  DEBUG 21.166010488516726
2019-01-17 19:49:08,774 charges_calc.py:49  DEBUG 90.7193474403338
2019-01-17 19:49:08,774 charges_calc.py:49  DEBUG 147.07821048680188
2019-01-17 19:49:08,774 charges_calc.py:49  DEBUG 156.07690412101337
2019-01-17 19:49:08,774 charges_calc.py:49  DEBUG 92.62289133902051
2019-01-17 19:49:08,774 charges_calc.py:49  DEBUG 106.57860948614407
2019-01-17 19:49:08,774 charges_calc.py:49  DEBUG 77.6595132614157
2019-01-17 19:49:08,774 charges_calc.py:49  DEBUG 46.79743582719036
2019-01-17 19:49:08,774 charges_calc.py:49  DEBUG 108.77499712709718
2019-01-17 19:49:08,774 charges_calc.py:49  DEBUG 86.55056325639943
2019-01-17 19:49:08,775 charges_calc.py:49  DEBUG 67.34983296193094
2019-01-17 19:49:08,775 charges_calc.py:49  DEBUG 79.04429138147802
2019-01-17 19:49:08,775 charges_calc.py:49  DEBUG 126.8857754044952
2019-01-17 19:49:08,775 charges_calc.py:49  DEBUG 28.26658805020514
2019-01-17 19:49:08,775 charges_calc.py:49  DEBUG 73.1983606373804
2019-01-17 19:49:08,775 charges_calc.py:49  DEBUG 77.7174369109018
2019-01-17 19:49:08,775 charges_calc.py:49  DEBUG 74.17546764261078
2019-01-17 19:49:08,775 charges_calc.py:49  DEBUG 96.27045237246992
2019-01-17 19:49:08,775 charges_calc.py:49  DEBUG 47.148700936505136
2019-01-17 19:49:08,775 charges_calc.py:49  DEBUG 106.7707825203131
2019-01-17 19:49:08,775 charges_calc.py:49  DEBUG 7.3484692283495345
2019-01-17 19:49:08,776 charges_calc.py:49  DEBUG 88.31760866327846
2019-01-17 19:49:08,776 charges_calc.py:49  DEBUG 26.076809620810597
2019-01-17 19:49:08,776 charges_calc.py:49  DEBUG 18.708286933869708
2019-01-17 19:49:08,776 charges_calc.py:49  DEBUG 138.03260484392808
2019-01-17 19:49:08,776 charges_calc.py:49  DEBUG 152.52868582663393
2019-01-17 19:49:08,776 charges_calc.py:49  DEBUG 186.86893802876924
2019-01-17 19:49:08,776 charges_calc.py:49  DEBUG 46.010868281309364
2019-01-17 19:49:08,776 charges_calc.py:49  DEBUG 88.14193099768123
2019-01-17 19:49:08,776 charges_calc.py:49  DEBUG 105.94810050208545
2019-01-17 19:49:08,776 charges_calc.py:49  DEBUG 13.228756555322953
2019-01-17 19:49:08,776 charges_calc.py:49  DEBUG 151.6047492659778
2019-01-17 19:49:08,776 charges_calc.py:49  DEBUG 26.94438717061496
2019-01-17 19:49:08,776 charges_calc.py:49  DEBUG 15.427248620541512
2019-01-17 19:49:08,776 charges_calc.py:49  DEBUG 34.322004603461025
2019-01-17 19:49:08,776 charges_calc.py:49  DEBUG 80.92589202474076
2019-01-17 19:49:08,777 charges_calc.py:49  DEBUG 163.10732662881824
2019-01-17 19:49:08,777 charges_calc.py:49  DEBUG 22.847319317591726
2019-01-17 19:49:08,777 charges_calc.py:49  DEBUG 58.9915248150105
2019-01-17 19:49:08,777 charges_calc.py:49  DEBUG 108.16653826391968
2019-01-17 19:49:08,777 charges_calc.py:49  DEBUG 57.227615711297986
2019-01-17 19:49:08,777 charges_calc.py:49  DEBUG 84.24962907930218
2019-01-17 19:49:08,777 charges_calc.py:49  DEBUG 92.26050075736637
2019-01-17 19:49:08,777 charges_calc.py:49  DEBUG 137.2880184138441
2019-01-17 19:49:08,777 charges_calc.py:49  DEBUG 16.792855623746664
2019-01-17 19:49:08,777 charges_calc.py:49  DEBUG 156.7928569801571
2019-01-17 19:49:08,777 charges_calc.py:49  DEBUG 88.0
2019-01-17 19:49:08,777 charges_calc.py:49  DEBUG 66.18156843109719
2019-01-17 19:49:08,778 charges_calc.py:49  DEBUG 30.886890422961002
2019-01-17 19:49:08,778 charges_calc.py:49  DEBUG 109.40749517286281
2019-01-17 19:49:08,778 charges_calc.py:49  DEBUG 37.62977544445356
2019-01-17 19:49:08,778 charges_calc.py:49  DEBUG 47.74934554525329
2019-01-17 19:49:08,778 charges_calc.py:49  DEBUG 148.2700239428051
2019-01-17 19:49:08,778 charges_calc.py:49  DEBUG 52.15361924162119
2019-01-17 19:49:08,778 charges_calc.py:49  DEBUG 38.41874542459709
2019-01-17 19:49:08,778 charges_calc.py:49  DEBUG 127.32635233917604
2019-01-17 19:49:08,778 charges_calc.py:49  DEBUG 57.3149195236284
2019-01-17 19:49:08,778 charges_calc.py:49  DEBUG 65.34523701081817
2019-01-17 19:49:08,778 charges_calc.py:49  DEBUG 34.49637662132068
2019-01-17 19:49:08,778 charges_calc.py:49  DEBUG 122.63360061581818
2019-01-17 19:49:08,778 charges_calc.py:49  DEBUG 107.24737759031686
2019-01-17 19:49:08,779 charges_calc.py:49  DEBUG 39.7994974842648
2019-01-17 19:49:08,779 charges_calc.py:49  DEBUG 174.91998170592174
2019-01-17 19:49:08,779 charges_calc.py:49  DEBUG 24.657656011875904
2019-01-17 19:49:08,779 charges_calc.py:49  DEBUG 63.874877690685246
2019-01-17 19:49:08,779 charges_calc.py:49  DEBUG 170.7629936490925
2019-01-17 19:49:08,779 charges_calc.py:49  DEBUG 75.0199973340442
2019-01-17 19:49:08,779 charges_calc.py:49  DEBUG 112.66765285564442
2019-01-17 19:49:08,779 charges_calc.py:49  DEBUG 104.36474500519799
2019-01-17 19:49:08,779 charges_calc.py:49  DEBUG 106.44247272588137
2019-01-17 19:49:08,779 charges_calc.py:49  DEBUG 54.84523680320835
2019-01-17 19:49:08,780 charges_calc.py:49  DEBUG 148.70440477672474
2019-01-17 19:49:08,780 charges_calc.py:49  DEBUG 114.15778554264269
2019-01-17 19:49:08,780 charges_calc.py:49  DEBUG 84.970583144992
2019-01-17 19:49:08,780 charges_calc.py:49  DEBUG 67.54998149518622
2019-01-17 19:49:08,780 charges_calc.py:49  DEBUG 98.8736567544662
2019-01-17 19:49:08,780 charges_calc.py:49  DEBUG 27.568097504180443
2019-01-17 19:49:08,780 charges_calc.py:49  DEBUG 96.66954018717581
2019-01-17 19:49:08,780 charges_calc.py:49  DEBUG 80.39900496896712
2019-01-17 19:49:08,780 charges_calc.py:49  DEBUG 124.056438768812
2019-01-17 19:49:08,780 charges_calc.py:49  DEBUG 103.94229168149026
2019-01-17 19:49:08,780 charges_calc.py:49  DEBUG 124.95599225327291
2019-01-17 19:49:08,780 charges_calc.py:49  DEBUG 82.09750300709517
2019-01-17 19:49:08,780 charges_calc.py:49  DEBUG 51.38093031466052
2019-01-17 19:49:08,781 charges_calc.py:49  DEBUG 97.51410154434076
2019-01-17 19:49:08,781 charges_calc.py:49  DEBUG 63.49803146555018
2019-01-17 19:49:08,781 charges_calc.py:49  DEBUG 62.78534860936905
2019-01-17 19:49:08,781 charges_calc.py:49  DEBUG 112.17842929904127
2019-01-17 19:49:08,781 charges_calc.py:49  DEBUG 170.36431551237484
2019-01-17 19:49:08,781 charges_calc.py:49  DEBUG 85.38149682454625
2019-01-17 19:49:08,781 charges_calc.py:49  DEBUG 81.84741901856161
2019-01-17 19:49:08,781 charges_calc.py:49  DEBUG 43.95452195167182
2019-01-17 19:49:08,781 charges_calc.py:49  DEBUG 119.49058540320237
2019-01-17 19:49:08,781 charges_calc.py:49  DEBUG 34.292856398964496
2019-01-17 19:49:08,781 charges_calc.py:49  DEBUG 82.48636250920512
2019-01-17 19:49:08,781 charges_calc.py:49  DEBUG 74.02702209328699
2019-01-17 19:49:08,781 charges_calc.py:49  DEBUG 81.84741901856161
2019-01-17 19:49:08,781 charges_calc.py:49  DEBUG 133.73107342723307
2019-01-17 19:49:08,782 charges_calc.py:49  DEBUG 42.13074886588179
2019-01-17 19:49:08,782 charges_calc.py:49  DEBUG 108.89444430272832
2019-01-17 19:49:08,782 charges_calc.py:49  DEBUG 57.96550698475775
2019-01-17 19:49:08,782 charges_calc.py:49  DEBUG 44.58699361921591
2019-01-17 19:49:08,782 charges_calc.py:49  DEBUG 47.32863826479693
2019-01-17 19:49:08,782 charges_calc.py:49  DEBUG 73.32803011127464
2019-01-17 19:49:08,782 charges_calc.py:49  DEBUG 91.85314365877741
2019-01-17 19:49:08,782 charges_calc.py:49  DEBUG 86.30179604156567
2019-01-17 19:49:08,782 charges_calc.py:49  DEBUG 156.97133496278866
2019-01-17 19:49:08,782 charges_calc.py:49  DEBUG 74.41773982055622
2019-01-17 19:49:08,782 charges_calc.py:49  DEBUG 63.72597586541927
2019-01-17 19:49:08,782 charges_calc.py:49  DEBUG 81.18497397917918
2019-01-17 19:49:08,782 charges_calc.py:49  DEBUG 47.644516998286385
2019-01-17 19:49:08,783 charges_calc.py:49  DEBUG 75.82875444051551
2019-01-17 19:49:08,783 charges_calc.py:49  DEBUG 109.67679791095289
2019-01-17 19:49:08,783 charges_calc.py:49  DEBUG 73.89181280764467
2019-01-17 19:49:08,783 charges_calc.py:49  DEBUG 101.92153844992725
2019-01-17 19:49:08,783 charges_calc.py:49  DEBUG 195.43796969882797
2019-01-17 19:49:08,783 charges_calc.py:49  DEBUG 25.748786379167466
2019-01-17 19:49:08,783 charges_calc.py:49  DEBUG 48.373546489791295
2019-01-17 19:49:08,783 charges_calc.py:49  DEBUG 15.491933384829668
2019-01-17 19:49:08,783 charges_calc.py:49  DEBUG 142.23923509355637
2019-01-17 19:49:08,783 charges_calc.py:49  DEBUG 139.16896205691842
2019-01-17 19:49:08,783 charges_calc.py:57  DEBUG We're here
2019-01-17 19:50:24,568 charges_calc.py:27  DEBUG JSON has successfully loaded
2019-01-17 19:50:24,570 charges_calc.py:46  WARNING A value is negative
2019-01-17 19:50:24,570 charges_calc.py:57  DEBUG We're here
2019-01-17 19:51:32,853 charges_calc.py:57  DEBUG We're here
2019-01-17 19:54:20,374 charges_calc.py:60  DEBUG We're here
2019-01-17 20:02:01,762 charges_calc.py:66  DEBUG We're here
2019-01-17 20:03:56,188 charges_calc.py:67  DEBUG We're here
2019-01-17 20:05:02,524 charges_calc.py:65  DEBUG We're here
2019-01-17 20:14:25,967 charges_calc.py:67  DEBUG We're here
2019-01-17 20:16:06,445 charges_calc.py:65  DEBUG We're here
2019-01-17 20:16:52,108 charges_calc.py:64  DEBUG We're here
2019-01-17 20:17:45,457 charges_calc.py:64  DEBUG We're here
2019-01-17 20:18:49,430 charges_calc.py:64  DEBUG We're here
2019-01-17 20:19:17,638 charges_calc.py:63  DEBUG We're here
2019-01-17 20:20:01,858 charges_calc.py:63  DEBUG We're here
2019-01-17 20:20:32,825 charges_calc.py:63  DEBUG We're here
2019-01-17 20:21:54,294 charges_calc.py:63  DEBUG We're here
2019-01-17 20:22:18,411 charges_calc.py:63  DEBUG We're here
2019-01-17 20:22:35,269 charges_calc.py:63  DEBUG We're here
2019-01-17 20:25:38,492 charges_calc.py:64  DEBUG time data '' does not match format '%m/%d/%y'
2019-01-17 20:29:39,887 charges_calc.py:67  DEBUG division by zero
2019-01-17 20:36:16,330 charges_calc.py:61  WARNING units_rented is equal to 0 and will throw an error
2019-01-17 20:36:16,330 charges_calc.py:69  DEBUG division by zero
