2019-02-04 23:19:07,464 create_customers.py:33  INFO customers_test.db database active
2019-02-04 23:19:07,494 create_customers.py:33  INFO customers_test.db database active
2019-02-04 23:19:07,511 basic_operations.py:69  INFO Inserted 4 customer(s)
2019-02-04 23:19:07,532 create_customers.py:33  INFO customers_test.db database active
2019-02-04 23:19:07,584 basic_operations.py:64  INFO Inserted 120 customers
2019-02-04 23:19:07,621 basic_operations.py:64  INFO Inserted 120 customers
2019-02-04 23:19:07,657 basic_operations.py:64  INFO Inserted 120 customers
2019-02-04 23:19:07,691 basic_operations.py:64  INFO Inserted 120 customers
2019-02-04 23:19:07,728 basic_operations.py:64  INFO Inserted 120 customers
2019-02-04 23:19:07,767 basic_operations.py:64  INFO Inserted 120 customers
2019-02-04 23:19:07,810 basic_operations.py:64  INFO Inserted 120 customers
2019-02-04 23:19:07,834 basic_operations.py:64  INFO Inserted 120 customers
2019-02-04 23:19:07,858 basic_operations.py:64  INFO Inserted 120 customers
2019-02-04 23:19:07,882 basic_operations.py:64  INFO Inserted 120 customers
2019-02-04 23:19:07,907 basic_operations.py:64  INFO Inserted 120 customers
2019-02-04 23:19:07,930 basic_operations.py:64  INFO Inserted 120 customers
2019-02-04 23:19:07,952 basic_operations.py:64  INFO Inserted 120 customers
2019-02-04 23:19:07,977 basic_operations.py:64  INFO Inserted 120 customers
2019-02-04 23:19:08,002 basic_operations.py:64  INFO Inserted 120 customers
2019-02-04 23:19:08,027 basic_operations.py:64  INFO Inserted 120 customers
2019-02-04 23:19:08,054 basic_operations.py:64  INFO Inserted 120 customers
2019-02-04 23:19:08,080 basic_operations.py:64  INFO Inserted 120 customers
2019-02-04 23:19:08,103 basic_operations.py:64  INFO Inserted 120 customers
2019-02-04 23:19:08,127 basic_operations.py:64  INFO Inserted 120 customers
2019-02-04 23:19:08,168 basic_operations.py:64  INFO Inserted 120 customers
2019-02-04 23:19:08,205 basic_operations.py:64  INFO Inserted 120 customers
2019-02-04 23:19:08,227 basic_operations.py:64  INFO Inserted 120 customers
2019-02-04 23:19:08,253 basic_operations.py:64  INFO Inserted 120 customers
2019-02-04 23:19:08,280 basic_operations.py:64  INFO Inserted 120 customers
2019-02-04 23:19:08,303 basic_operations.py:64  INFO Inserted 120 customers
2019-02-04 23:19:08,325 basic_operations.py:64  INFO Inserted 120 customers
2019-02-04 23:19:08,345 basic_operations.py:64  INFO Inserted 120 customers
2019-02-04 23:19:08,367 basic_operations.py:64  INFO Inserted 120 customers
2019-02-04 23:19:08,394 basic_operations.py:64  INFO Inserted 120 customers
2019-02-04 23:19:08,418 basic_operations.py:64  INFO Inserted 120 customers
2019-02-04 23:19:08,441 basic_operations.py:64  INFO Inserted 120 customers
2019-02-04 23:19:08,461 basic_operations.py:64  INFO Inserted 120 customers
2019-02-04 23:19:08,482 basic_operations.py:64  INFO Inserted 120 customers
2019-02-04 23:19:08,504 basic_operations.py:64  INFO Inserted 120 customers
2019-02-04 23:19:08,531 basic_operations.py:64  INFO Inserted 120 customers
2019-02-04 23:19:08,555 basic_operations.py:64  INFO Inserted 120 customers
2019-02-04 23:19:08,578 basic_operations.py:64  INFO Inserted 120 customers
2019-02-04 23:19:08,603 basic_operations.py:64  INFO Inserted 120 customers
2019-02-04 23:19:08,624 basic_operations.py:64  INFO Inserted 120 customers
2019-02-04 23:19:08,647 basic_operations.py:64  INFO Inserted 120 customers
2019-02-04 23:19:08,685 basic_operations.py:64  INFO Inserted 120 customers
2019-02-04 23:19:08,710 basic_operations.py:64  INFO Inserted 120 customers
2019-02-04 23:19:08,738 basic_operations.py:64  INFO Inserted 120 customers
2019-02-04 23:19:08,762 basic_operations.py:64  INFO Inserted 120 customers
2019-02-04 23:19:08,784 basic_operations.py:64  INFO Inserted 120 customers
2019-02-04 23:19:08,834 basic_operations.py:64  INFO Inserted 120 customers
2019-02-04 23:19:08,864 basic_operations.py:64  INFO Inserted 120 customers
2019-02-04 23:19:08,884 basic_operations.py:64  INFO Inserted 120 customers
2019-02-04 23:19:08,903 basic_operations.py:64  INFO Inserted 120 customers
2019-02-04 23:19:08,933 basic_operations.py:64  INFO Inserted 120 customers
2019-02-04 23:19:08,962 basic_operations.py:64  INFO Inserted 120 customers
2019-02-04 23:19:08,986 basic_operations.py:64  INFO Inserted 120 customers
2019-02-04 23:19:09,006 basic_operations.py:64  INFO Inserted 120 customers
2019-02-04 23:19:09,026 basic_operations.py:64  INFO Inserted 120 customers
2019-02-04 23:19:09,049 basic_operations.py:64  INFO Inserted 120 customers
2019-02-04 23:19:09,072 basic_operations.py:64  INFO Inserted 120 customers
2019-02-04 23:19:09,096 basic_operations.py:64  INFO Inserted 120 customers
2019-02-04 23:19:09,120 basic_operations.py:64  INFO Inserted 120 customers
2019-02-04 23:19:09,143 basic_operations.py:64  INFO Inserted 120 customers
2019-02-04 23:19:09,165 basic_operations.py:64  INFO Inserted 120 customers
2019-02-04 23:19:09,188 basic_operations.py:64  INFO Inserted 120 customers
2019-02-04 23:19:09,210 basic_operations.py:64  INFO Inserted 120 customers
2019-02-04 23:19:09,231 basic_operations.py:64  INFO Inserted 120 customers
2019-02-04 23:19:09,261 basic_operations.py:64  INFO Inserted 120 customers
2019-02-04 23:19:09,284 basic_operations.py:64  INFO Inserted 120 customers
2019-02-04 23:19:09,311 basic_operations.py:64  INFO Inserted 120 customers
2019-02-04 23:19:09,339 basic_operations.py:64  INFO Inserted 120 customers
2019-02-04 23:19:09,362 basic_operations.py:64  INFO Inserted 120 customers
2019-02-04 23:19:09,386 basic_operations.py:64  INFO Inserted 120 customers
2019-02-04 23:19:09,410 basic_operations.py:64  INFO Inserted 120 customers
2019-02-04 23:19:09,434 basic_operations.py:64  INFO Inserted 120 customers
2019-02-04 23:19:09,460 basic_operations.py:64  INFO Inserted 120 customers
2019-02-04 23:19:09,485 basic_operations.py:64  INFO Inserted 120 customers
2019-02-04 23:19:09,509 basic_operations.py:64  INFO Inserted 120 customers
2019-02-04 23:19:09,535 basic_operations.py:64  INFO Inserted 120 customers
2019-02-04 23:19:09,558 basic_operations.py:64  INFO Inserted 120 customers
2019-02-04 23:19:09,583 basic_operations.py:64  INFO Inserted 120 customers
2019-02-04 23:19:09,607 basic_operations.py:64  INFO Inserted 120 customers
2019-02-04 23:19:09,631 basic_operations.py:64  INFO Inserted 120 customers
2019-02-04 23:19:09,654 basic_operations.py:64  INFO Inserted 120 customers
2019-02-04 23:19:09,676 basic_operations.py:64  INFO Inserted 120 customers
2019-02-04 23:19:09,701 basic_operations.py:64  INFO Inserted 120 customers
2019-02-04 23:19:09,716 basic_operations.py:69  INFO Inserted 40 customer(s)
2019-02-04 23:19:09,729 create_customers.py:33  INFO customers_test.db database active
2019-02-04 23:19:09,761 create_customers.py:33  INFO customers_test.db database active
2019-02-04 23:19:09,773 basic_operations.py:69  INFO Inserted 4 customer(s)
2019-02-04 23:19:09,780 create_customers.py:33  INFO customers_test.db database active
2019-02-04 23:19:09,793 basic_operations.py:69  INFO Inserted 1 customer(s)
2019-02-04 23:19:09,799 basic_operations.py:99  INFO Added customer: 'add_ok'
2019-02-04 23:19:09,804 create_customers.py:33  INFO customers_test.db database active
2019-02-04 23:19:09,834 create_customers.py:33  INFO customers_test.db database active
2019-02-04 23:19:09,848 basic_operations.py:69  INFO Inserted 4 customer(s)
2019-02-04 23:19:09,853 create_customers.py:33  INFO customers_test.db database active
2019-02-04 23:19:09,858 basic_operations.py:53  ERROR could not convert string to float: '$40'
2019-02-04 23:19:09,864 create_customers.py:33  INFO customers_test.db database active
2019-02-04 23:19:09,895 create_customers.py:33  INFO customers_test.db database active
2019-02-04 23:19:09,907 basic_operations.py:69  INFO Inserted 4 customer(s)
2019-02-04 23:19:09,913 create_customers.py:33  INFO customers_test.db database active
2019-02-04 23:19:09,917 basic_operations.py:58  ERROR Invalid value: record 1: status is not a bool: 'not a bool'
2019-02-04 23:19:09,920 create_customers.py:33  INFO customers_test.db database active
2019-02-04 23:19:09,949 create_customers.py:33  INFO customers_test.db database active
2019-02-04 23:19:09,964 basic_operations.py:69  INFO Inserted 4 customer(s)
2019-02-04 23:19:09,971 create_customers.py:33  INFO customers_test.db database active
2019-02-04 23:19:09,987 basic_operations.py:69  INFO Inserted 1 customer(s)
2019-02-04 23:19:09,997 basic_operations.py:99  INFO Added customer: 'search'
2019-02-04 23:19:10,003 create_customers.py:33  INFO customers_test.db database active
2019-02-04 23:19:10,036 create_customers.py:33  INFO customers_test.db database active
2019-02-04 23:19:10,047 basic_operations.py:69  INFO Inserted 4 customer(s)
2019-02-04 23:19:10,054 basic_operations.py:114 INFO Customer not found: search_bad
2019-02-04 23:19:10,062 create_customers.py:33  INFO customers_test.db database active
2019-02-04 23:19:10,093 create_customers.py:33  INFO customers_test.db database active
2019-02-04 23:19:10,105 basic_operations.py:69  INFO Inserted 4 customer(s)
2019-02-04 23:19:10,127 basic_operations.py:125 INFO Deleted customer: delete_customer_good
2019-02-04 23:19:10,129 basic_operations.py:114 INFO Customer not found: delete_customer_good
2019-02-04 23:19:10,140 create_customers.py:33  INFO customers_test.db database active
2019-02-04 23:19:10,191 create_customers.py:33  INFO customers_test.db database active
2019-02-04 23:19:10,203 basic_operations.py:69  INFO Inserted 4 customer(s)
2019-02-04 23:19:10,224 basic_operations.py:148 INFO Updated customer credit_limit: update_credit, 2000.0
2019-02-04 23:19:10,238 basic_operations.py:148 INFO Updated customer credit_limit: update_credit, 25.0
2019-02-04 23:19:10,251 create_customers.py:33  INFO customers_test.db database active
2019-02-04 23:19:10,281 create_customers.py:33  INFO customers_test.db database active
2019-02-04 23:19:10,293 basic_operations.py:69  INFO Inserted 4 customer(s)
2019-02-04 23:19:10,301 basic_operations.py:137 ERROR could not convert string to float: '$789'
2019-02-04 23:19:10,305 create_customers.py:33  INFO customers_test.db database active
2019-02-04 23:19:10,334 create_customers.py:33  INFO customers_test.db database active
2019-02-04 23:19:10,347 basic_operations.py:69  INFO Inserted 4 customer(s)
